fail: Microsoft.AspNetCore.DataProtection.XmlEncryption.DpapiXmlDecryptor[43]
      An exception occurred while trying to decrypt the element.
      System.Security.Cryptography.CryptographicException: Error occurred during a cryptographic operation.
         at Microsoft.AspNetCore.DataProtection.Cng.DpapiSecretSerializerHelper.UnprotectWithDpapiCore(Byte* pbProtectedData, UInt32 cbProtectedData, Byte* pbOptionalEntropy, UInt32 cbOptionalEntropy)
         at Microsoft.AspNetCore.DataProtection.Cng.DpapiSecretSerializerHelper.UnprotectWithDpapi(Byte[] protectedSecret)
         at Microsoft.AspNetCore.DataProtection.XmlEncryption.DpapiXmlDecryptor.Decrypt(XElement encryptedElement)
fail: Microsoft.AspNetCore.DataProtection.KeyManagement.XmlKeyManager[24]
      An exception occurred while processing the key element '<key id="6d722ef1-f728-445f-a3d1-3fd78b434bfd" version="1" />'.
      System.Security.Cryptography.CryptographicException: Error occurred during a cryptographic operation.
         at Microsoft.AspNetCore.DataProtection.Cng.DpapiSecretSerializerHelper.UnprotectWithDpapiCore(Byte* pbProtectedData, UInt32 cbProtectedData, Byte* pbOptionalEntropy, UInt32 cbOptionalEntropy)
         at Microsoft.AspNetCore.DataProtection.Cng.DpapiSecretSerializerHelper.UnprotectWithDpapi(Byte[] protectedSecret)
         at Microsoft.AspNetCore.DataProtection.XmlEncryption.DpapiXmlDecryptor.Decrypt(XElement encryptedElement)
         at Microsoft.AspNetCore.DataProtection.XmlEncryption.XmlEncryptionExtensions.DecryptElement(XElement element, IActivator activator)
         at Microsoft.AspNetCore.DataProtection.KeyManagement.XmlKeyManager.Microsoft.AspNetCore.DataProtection.KeyManagement.Internal.IInternalXmlKeyManager.DeserializeDescriptorFromKeyElement(XElement keyElement)
warn: Microsoft.AspNetCore.DataProtection.KeyManagement.DefaultKeyResolver[12]
      Key {6d722ef1-f728-445f-a3d1-3fd78b434bfd} is ineligible to be the default key because its CreateEncryptor method failed.
      System.Security.Cryptography.CryptographicException: Error occurred during a cryptographic operation.
         at Microsoft.AspNetCore.DataProtection.Cng.DpapiSecretSerializerHelper.UnprotectWithDpapiCore(Byte* pbProtectedData, UInt32 cbProtectedData, Byte* pbOptionalEntropy, UInt32 cbOptionalEntropy)
         at Microsoft.AspNetCore.DataProtection.Cng.DpapiSecretSerializerHelper.UnprotectWithDpapi(Byte[] protectedSecret)
         at Microsoft.AspNetCore.DataProtection.XmlEncryption.DpapiXmlDecryptor.Decrypt(XElement encryptedElement)
         at Microsoft.AspNetCore.DataProtection.XmlEncryption.XmlEncryptionExtensions.DecryptElement(XElement element, IActivator activator)
         at Microsoft.AspNetCore.DataProtection.KeyManagement.XmlKeyManager.Microsoft.AspNetCore.DataProtection.KeyManagement.Internal.IInternalXmlKeyManager.DeserializeDescriptorFromKeyElement(XElement keyElement)
         at System.Lazy`1.ViaFactory(LazyThreadSafetyMode mode)
         at System.Lazy`1.ExecutionAndPublication(LazyHelper executionAndPublication, Boolean useDefaultConstructor)
         at System.Lazy`1.CreateValue()
         at Microsoft.AspNetCore.DataProtection.AuthenticatedEncryption.CngGcmAuthenticatedEncryptorFactory.CreateEncryptorInstance(IKey key)
         at Microsoft.AspNetCore.DataProtection.KeyManagement.KeyBase.CreateEncryptor()
         at Microsoft.AspNetCore.DataProtection.KeyManagement.DefaultKeyResolver.CanCreateAuthenticatedEncryptor(IKey key)
fail: Microsoft.AspNetCore.DataProtection.XmlEncryption.DpapiXmlDecryptor[43]
      An exception occurred while trying to decrypt the element.
      System.Security.Cryptography.CryptographicException: Error occurred during a cryptographic operation.
         at Microsoft.AspNetCore.DataProtection.Cng.DpapiSecretSerializerHelper.UnprotectWithDpapiCore(Byte* pbProtectedData, UInt32 cbProtectedData, Byte* pbOptionalEntropy, UInt32 cbOptionalEntropy)
         at Microsoft.AspNetCore.DataProtection.Cng.DpapiSecretSerializerHelper.UnprotectWithDpapi(Byte[] protectedSecret)
         at Microsoft.AspNetCore.DataProtection.XmlEncryption.DpapiXmlDecryptor.Decrypt(XElement encryptedElement)
fail: Microsoft.AspNetCore.DataProtection.KeyManagement.XmlKeyManager[24]
      An exception occurred while processing the key element '<key id="f57b40dd-fee2-47e4-9715-42233541113c" version="1" />'.
      System.Security.Cryptography.CryptographicException: Error occurred during a cryptographic operation.
         at Microsoft.AspNetCore.DataProtection.Cng.DpapiSecretSerializerHelper.UnprotectWithDpapiCore(Byte* pbProtectedData, UInt32 cbProtectedData, Byte* pbOptionalEntropy, UInt32 cbOptionalEntropy)
         at Microsoft.AspNetCore.DataProtection.Cng.DpapiSecretSerializerHelper.UnprotectWithDpapi(Byte[] protectedSecret)
         at Microsoft.AspNetCore.DataProtection.XmlEncryption.DpapiXmlDecryptor.Decrypt(XElement encryptedElement)
         at Microsoft.AspNetCore.DataProtection.XmlEncryption.XmlEncryptionExtensions.DecryptElement(XElement element, IActivator activator)
         at Microsoft.AspNetCore.DataProtection.KeyManagement.XmlKeyManager.Microsoft.AspNetCore.DataProtection.KeyManagement.Internal.IInternalXmlKeyManager.DeserializeDescriptorFromKeyElement(XElement keyElement)
warn: Microsoft.AspNetCore.DataProtection.KeyManagement.DefaultKeyResolver[12]
      Key {f57b40dd-fee2-47e4-9715-42233541113c} is ineligible to be the default key because its CreateEncryptor method failed.
      System.Security.Cryptography.CryptographicException: Error occurred during a cryptographic operation.
         at Microsoft.AspNetCore.DataProtection.Cng.DpapiSecretSerializerHelper.UnprotectWithDpapiCore(Byte* pbProtectedData, UInt32 cbProtectedData, Byte* pbOptionalEntropy, UInt32 cbOptionalEntropy)
         at Microsoft.AspNetCore.DataProtection.Cng.DpapiSecretSerializerHelper.UnprotectWithDpapi(Byte[] protectedSecret)
         at Microsoft.AspNetCore.DataProtection.XmlEncryption.DpapiXmlDecryptor.Decrypt(XElement encryptedElement)
         at Microsoft.AspNetCore.DataProtection.XmlEncryption.XmlEncryptionExtensions.DecryptElement(XElement element, IActivator activator)
         at Microsoft.AspNetCore.DataProtection.KeyManagement.XmlKeyManager.Microsoft.AspNetCore.DataProtection.KeyManagement.Internal.IInternalXmlKeyManager.DeserializeDescriptorFromKeyElement(XElement keyElement)
         at System.Lazy`1.ViaFactory(LazyThreadSafetyMode mode)
         at System.Lazy`1.ExecutionAndPublication(LazyHelper executionAndPublication, Boolean useDefaultConstructor)
         at System.Lazy`1.CreateValue()
         at Microsoft.AspNetCore.DataProtection.AuthenticatedEncryption.CngGcmAuthenticatedEncryptorFactory.CreateEncryptorInstance(IKey key)
         at Microsoft.AspNetCore.DataProtection.KeyManagement.KeyBase.CreateEncryptor()
         at Microsoft.AspNetCore.DataProtection.KeyManagement.DefaultKeyResolver.CanCreateAuthenticatedEncryptor(IKey key)
warn: Microsoft.AspNetCore.DataProtection.KeyManagement.DefaultKeyResolver[12]
      Key {f57b40dd-fee2-47e4-9715-42233541113c} is ineligible to be the default key because its CreateEncryptor method failed.
      System.Security.Cryptography.CryptographicException: Error occurred during a cryptographic operation.
         at Microsoft.AspNetCore.DataProtection.Cng.DpapiSecretSerializerHelper.UnprotectWithDpapiCore(Byte* pbProtectedData, UInt32 cbProtectedData, Byte* pbOptionalEntropy, UInt32 cbOptionalEntropy)
         at Microsoft.AspNetCore.DataProtection.Cng.DpapiSecretSerializerHelper.UnprotectWithDpapi(Byte[] protectedSecret)
         at Microsoft.AspNetCore.DataProtection.XmlEncryption.DpapiXmlDecryptor.Decrypt(XElement encryptedElement)
         at Microsoft.AspNetCore.DataProtection.XmlEncryption.XmlEncryptionExtensions.DecryptElement(XElement element, IActivator activator)
         at Microsoft.AspNetCore.DataProtection.KeyManagement.XmlKeyManager.Microsoft.AspNetCore.DataProtection.KeyManagement.Internal.IInternalXmlKeyManager.DeserializeDescriptorFromKeyElement(XElement keyElement)
         at System.Lazy`1.ViaFactory(LazyThreadSafetyMode mode)
      --- End of stack trace from previous location ---
         at System.Lazy`1.CreateValue()
         at Microsoft.AspNetCore.DataProtection.AuthenticatedEncryption.CngGcmAuthenticatedEncryptorFactory.CreateEncryptorInstance(IKey key)
         at Microsoft.AspNetCore.DataProtection.KeyManagement.KeyBase.CreateEncryptor()
         at Microsoft.AspNetCore.DataProtection.KeyManagement.DefaultKeyResolver.CanCreateAuthenticatedEncryptor(IKey key)
warn: Microsoft.AspNetCore.DataProtection.KeyManagement.DefaultKeyResolver[12]
      Key {6d722ef1-f728-445f-a3d1-3fd78b434bfd} is ineligible to be the default key because its CreateEncryptor method failed.
      System.Security.Cryptography.CryptographicException: Error occurred during a cryptographic operation.
         at Microsoft.AspNetCore.DataProtection.Cng.DpapiSecretSerializerHelper.UnprotectWithDpapiCore(Byte* pbProtectedData, UInt32 cbProtectedData, Byte* pbOptionalEntropy, UInt32 cbOptionalEntropy)
         at Microsoft.AspNetCore.DataProtection.Cng.DpapiSecretSerializerHelper.UnprotectWithDpapi(Byte[] protectedSecret)
         at Microsoft.AspNetCore.DataProtection.XmlEncryption.DpapiXmlDecryptor.Decrypt(XElement encryptedElement)
         at Microsoft.AspNetCore.DataProtection.XmlEncryption.XmlEncryptionExtensions.DecryptElement(XElement element, IActivator activator)
         at Microsoft.AspNetCore.DataProtection.KeyManagement.XmlKeyManager.Microsoft.AspNetCore.DataProtection.KeyManagement.Internal.IInternalXmlKeyManager.DeserializeDescriptorFromKeyElement(XElement keyElement)
         at System.Lazy`1.ViaFactory(LazyThreadSafetyMode mode)
      --- End of stack trace from previous location ---
         at System.Lazy`1.CreateValue()
         at Microsoft.AspNetCore.DataProtection.AuthenticatedEncryption.CngGcmAuthenticatedEncryptorFactory.CreateEncryptorInstance(IKey key)
         at Microsoft.AspNetCore.DataProtection.KeyManagement.KeyBase.CreateEncryptor()
         at Microsoft.AspNetCore.DataProtection.KeyManagement.DefaultKeyResolver.CanCreateAuthenticatedEncryptor(IKey key)
fail: Microsoft.AspNetCore.DataProtection.KeyManagement.KeyRingProvider[48]
      An error occurred while reading the key ring.
      System.UnauthorizedAccessException: Access to the path 'C:\Users\yigit\AppData\Local\ASP.NET\DataProtection-Keys\0f57a35e-ff2d-4948-a4c1-a8868d92654d.tmp' is denied.
         at Microsoft.Win32.SafeHandles.SafeFileHandle.CreateFile(String fullPath, FileMode mode, FileAccess access, FileShare share, FileOptions options)
         at Microsoft.Win32.SafeHandles.SafeFileHandle.Open(String fullPath, FileMode mode, FileAccess access, FileShare share, FileOptions options, Int64 preallocationSize, Nullable`1 unixCreateMode)
         at System.IO.Strategies.OSFileStreamStrategy..ctor(String path, FileMode mode, FileAccess access, FileShare share, FileOptions options, Int64 preallocationSize, Nullable`1 unixCreateMode)
         at System.IO.Strategies.FileStreamHelpers.ChooseStrategyCore(String path, FileMode mode, FileAccess access, FileShare share, FileOptions options, Int64 preallocationSize, Nullable`1 unixCreateMode)
         at System.IO.File.OpenWrite(String path)
         at Microsoft.AspNetCore.DataProtection.Repositories.FileSystemXmlRepository.StoreElementCore(XElement element, String filename)
         at Microsoft.AspNetCore.DataProtection.Repositories.FileSystemXmlRepository.StoreElement(XElement element, String friendlyName)
         at Microsoft.AspNetCore.DataProtection.KeyManagement.XmlKeyManager.Microsoft.AspNetCore.DataProtection.KeyManagement.Internal.IInternalXmlKeyManager.CreateNewKey(Guid keyId, DateTimeOffset creationDate, DateTimeOffset activationDate, DateTimeOffset expirationDate)
         at Microsoft.AspNetCore.DataProtection.KeyManagement.XmlKeyManager.CreateNewKey(DateTimeOffset activationDate, DateTimeOffset expirationDate)
         at Microsoft.AspNetCore.DataProtection.KeyManagement.KeyRingProvider.CreateCacheableKeyRingCore(DateTimeOffset now, IKey keyJustAdded)
         at Microsoft.AspNetCore.DataProtection.KeyManagement.KeyRingProvider.GetCurrentKeyRingCore(DateTime utcNow, Boolean forceRefresh)
info: Microsoft.Hosting.Lifetime[14]
      Now listening on: http://localhost:5099
info: Microsoft.Hosting.Lifetime[0]
      Application started. Press Ctrl+C to shut down.
info: Microsoft.Hosting.Lifetime[0]
      Hosting environment: Development
info: Microsoft.Hosting.Lifetime[0]
      Content root path: C:\Users\yigit\Desktop\MotorCare\src\MotorCare.Api
warn: Microsoft.AspNetCore.HttpsPolicy.HttpsRedirectionMiddleware[3]
      Failed to determine the https port for redirect.
warn: LuckyPennySoftware.MediatR.License[0]
      You do not have a valid license key for the Lucky Penny software MediatR. This is allowed for development and testing scenarios. If you are running in production you are required to have a licensed version. Please visit https://luckypennysoftware.com to obtain a valid license.
info: Microsoft.EntityFrameworkCore.Database.Command[20101]
      Executed DbCommand (31ms) [Parameters=[@__identifier_0='?'], CommandType='Text', CommandTimeout='30']
      SELECT t."Id", t."CreatedAt", t."Identifier", t."IsActive", t."Name", t."UpdatedAt"
      FROM "Tenants" AS t
      WHERE t."Identifier" = @__identifier_0
      LIMIT 1
info: Microsoft.EntityFrameworkCore.Database.Command[20101]
      Executed DbCommand (3ms) [Parameters=[@__tenantId_0='?', @__normalizedEmail_1='?'], CommandType='Text', CommandTimeout='30']
      SELECT u."Id", u."CreatedAt", u."Email", u."FullName", u."IsActive", u."LastLoginAt", u."PasswordHash", u."Role", u."TenantId", u."UpdatedAt"
      FROM "Users" AS u
      WHERE u."TenantId" = @__tenantId_0 AND u."Email" = @__normalizedEmail_1
      LIMIT 1
info: Microsoft.EntityFrameworkCore.Database.Command[20101]
      Executed DbCommand (7ms) [Parameters=[@p0='?' (DbType = Guid), @p1='?' (DbType = DateTime), @p2='?', @p3='?' (DbType = Boolean), @p4='?', @p5='?' (DbType = DateTime), @p6='?' (DbType = Guid), @p7='?' (DbType = DateTime), @p8='?', @p9='?', @p10='?' (DbType = Boolean), @p11='?' (DbType = DateTime), @p12='?', @p13='?', @p14='?', @p15='?' (DbType = DateTime)], CommandType='Text', CommandTimeout='30']
      INSERT INTO "Tenants" ("Id", "CreatedAt", "Identifier", "IsActive", "Name", "UpdatedAt")
      VALUES (@p0, @p1, @p2, @p3, @p4, @p5);
      INSERT INTO "Users" ("Id", "CreatedAt", "Email", "FullName", "IsActive", "LastLoginAt", "PasswordHash", "Role", "TenantId", "UpdatedAt")
      VALUES (@p6, @p7, @p8, @p9, @p10, @p11, @p12, @p13, @p14, @p15);
info: Microsoft.EntityFrameworkCore.Database.Command[20101]
      Executed DbCommand (1ms) [Parameters=[@__identifier_0='?'], CommandType='Text', CommandTimeout='30']
      SELECT t."Id", t."CreatedAt", t."Identifier", t."IsActive", t."Name", t."UpdatedAt"
      FROM "Tenants" AS t
      WHERE t."Identifier" = @__identifier_0
      LIMIT 1
info: Microsoft.EntityFrameworkCore.Database.Command[20101]
      Executed DbCommand (1ms) [Parameters=[@__tenantId_0='?', @__normalizedEmail_1='?'], CommandType='Text', CommandTimeout='30']
      SELECT u."Id", u."CreatedAt", u."Email", u."FullName", u."IsActive", u."LastLoginAt", u."PasswordHash", u."Role", u."TenantId", u."UpdatedAt"
      FROM "Users" AS u
      WHERE u."TenantId" = @__tenantId_0 AND u."Email" = @__normalizedEmail_1
      LIMIT 1
info: Microsoft.EntityFrameworkCore.Database.Command[20101]
      Executed DbCommand (4ms) [Parameters=[@p0='?' (DbType = Guid), @p1='?' (DbType = DateTime), @p2='?' (DbType = DateTime), @p3='?' (DbType = DateTime), @p4='?', @p5='?' (DbType = DateTime), @p6='?' (DbType = Guid), @p9='?' (DbType = Guid), @p7='?' (DbType = DateTime), @p8='?' (DbType = DateTime)], CommandType='Text', CommandTimeout='30']
      INSERT INTO "UserRefreshTokens" ("Id", "CreatedAt", "ExpiresAt", "RevokedAt", "TokenHash", "UpdatedAt", "UserId")
      VALUES (@p0, @p1, @p2, @p3, @p4, @p5, @p6);
      UPDATE "Users" SET "LastLoginAt" = @p7, "UpdatedAt" = @p8
      WHERE "Id" = @p9;
info: Microsoft.EntityFrameworkCore.Database.Command[20101]
      Executed DbCommand (1ms) [Parameters=[@__id_0='?' (DbType = Guid)], CommandType='Text', CommandTimeout='30']
      SELECT t."Id", t."CreatedAt", t."Identifier", t."IsActive", t."Name", t."UpdatedAt"
      FROM "Tenants" AS t
      WHERE t."Id" = @__id_0
      LIMIT 1
info: Microsoft.EntityFrameworkCore.Database.Command[20101]
      Executed DbCommand (1ms) [Parameters=[@__id_0='?' (DbType = Guid), @__tenantId_1='?'], CommandType='Text', CommandTimeout='30']
      SELECT u."Id", u."CreatedAt", u."Email", u."FullName", u."IsActive", u."LastLoginAt", u."PasswordHash", u."Role", u."TenantId", u."UpdatedAt"
      FROM "Users" AS u
      WHERE u."Id" = @__id_0 AND u."TenantId" = @__tenantId_1
      LIMIT 1
info: Microsoft.EntityFrameworkCore.Database.Command[20101]
      Executed DbCommand (1ms) [Parameters=[@__id_0='?' (DbType = Guid), @__tenantId_1='?'], CommandType='Text', CommandTimeout='30']
      SELECT u."Id", u."CreatedAt", u."Email", u."FullName", u."IsActive", u."LastLoginAt", u."PasswordHash", u."Role", u."TenantId", u."UpdatedAt"
      FROM "Users" AS u
      WHERE u."Id" = @__id_0 AND u."TenantId" = @__tenantId_1
      LIMIT 1
info: Microsoft.EntityFrameworkCore.Database.Command[20101]
      Executed DbCommand (1ms) [Parameters=[@__id_0='?' (DbType = Guid)], CommandType='Text', CommandTimeout='30']
      SELECT t."Id", t."CreatedAt", t."Identifier", t."IsActive", t."Name", t."UpdatedAt"
      FROM "Tenants" AS t
      WHERE t."Id" = @__id_0
      LIMIT 1
info: Microsoft.EntityFrameworkCore.Database.Command[20101]
      Executed DbCommand (1ms) [Parameters=[@__id_0='?' (DbType = Guid), @__tenantId_1='?'], CommandType='Text', CommandTimeout='30']
      SELECT u."Id", u."CreatedAt", u."Email", u."FullName", u."IsActive", u."LastLoginAt", u."PasswordHash", u."Role", u."TenantId", u."UpdatedAt"
      FROM "Users" AS u
      WHERE u."Id" = @__id_0 AND u."TenantId" = @__tenantId_1
      LIMIT 1
info: Microsoft.EntityFrameworkCore.Database.Command[20101]
      Executed DbCommand (2ms) [Parameters=[@__ef_filter__CurrentTenantId_0='?', @__tenantId_0='?', @__phone_1='?'], CommandType='Text', CommandTimeout='30']
      SELECT c."Id", c."CreatedAt", c."Email", c."FullName", c."Notes", c."Phone", c."TenantId", c."UpdatedAt", c."Whatsapp"
      FROM "Customers" AS c
      WHERE c."TenantId" = @__ef_filter__CurrentTenantId_0 AND c."TenantId" = @__tenantId_0 AND c."Phone" = @__phone_1
      LIMIT 1
info: Microsoft.EntityFrameworkCore.Database.Command[20101]
      Executed DbCommand (4ms) [Parameters=[@p0='?' (DbType = Guid), @p1='?' (DbType = DateTime), @p2='?', @p3='?', @p4='?', @p5='?', @p6='?', @p7='?' (DbType = DateTime), @p8='?'], CommandType='Text', CommandTimeout='30']
      INSERT INTO "Customers" ("Id", "CreatedAt", "Email", "FullName", "Notes", "Phone", "TenantId", "UpdatedAt", "Whatsapp")
      VALUES (@p0, @p1, @p2, @p3, @p4, @p5, @p6, @p7, @p8);
info: Microsoft.EntityFrameworkCore.Database.Command[20101]
      Executed DbCommand (1ms) [Parameters=[@__id_0='?' (DbType = Guid)], CommandType='Text', CommandTimeout='30']
      SELECT t."Id", t."CreatedAt", t."Identifier", t."IsActive", t."Name", t."UpdatedAt"
      FROM "Tenants" AS t
      WHERE t."Id" = @__id_0
      LIMIT 1
info: Microsoft.EntityFrameworkCore.Database.Command[20101]
      Executed DbCommand (1ms) [Parameters=[@__id_0='?' (DbType = Guid), @__tenantId_1='?'], CommandType='Text', CommandTimeout='30']
      SELECT u."Id", u."CreatedAt", u."Email", u."FullName", u."IsActive", u."LastLoginAt", u."PasswordHash", u."Role", u."TenantId", u."UpdatedAt"
      FROM "Users" AS u
      WHERE u."Id" = @__id_0 AND u."TenantId" = @__tenantId_1
      LIMIT 1
info: Microsoft.EntityFrameworkCore.Database.Command[20101]
      Executed DbCommand (1ms) [Parameters=[@__ef_filter__CurrentTenantId_0='?', @__tenantId_0='?'], CommandType='Text', CommandTimeout='30']
      SELECT c."Id", c."CreatedAt", c."Email", c."FullName", c."Notes", c."Phone", c."TenantId", c."UpdatedAt", c."Whatsapp"
      FROM "Customers" AS c
      WHERE c."TenantId" = @__ef_filter__CurrentTenantId_0 AND c."TenantId" = @__tenantId_0
      ORDER BY c."FullName"
info: Microsoft.EntityFrameworkCore.Database.Command[20101]
      Executed DbCommand (1ms) [Parameters=[@__id_0='?' (DbType = Guid)], CommandType='Text', CommandTimeout='30']
      SELECT t."Id", t."CreatedAt", t."Identifier", t."IsActive", t."Name", t."UpdatedAt"
      FROM "Tenants" AS t
      WHERE t."Id" = @__id_0
      LIMIT 1
info: Microsoft.EntityFrameworkCore.Database.Command[20101]
      Executed DbCommand (1ms) [Parameters=[@__id_0='?' (DbType = Guid), @__tenantId_1='?'], CommandType='Text', CommandTimeout='30']
      SELECT u."Id", u."CreatedAt", u."Email", u."FullName", u."IsActive", u."LastLoginAt", u."PasswordHash", u."Role", u."TenantId", u."UpdatedAt"
      FROM "Users" AS u
      WHERE u."Id" = @__id_0 AND u."TenantId" = @__tenantId_1
      LIMIT 1
info: MotorCare.Application.Vehicles.Commands.CreateVehicle.CreateVehicleCommandHandler[0]
      Starting vehicle registration for plate 34SMK20260419180522 in tenant stabil-20260419180522.
warn: Microsoft.EntityFrameworkCore.Query[20504]
      Compiling a query which loads related collections for more than one collection navigation, either via 'Include' or through projection, but no 'QuerySplittingBehavior' has been configured. By default, Entity Framework will use 'QuerySplittingBehavior.SingleQuery', which can potentially result in slow query performance. See https://go.microsoft.com/fwlink/?linkid=2134277 for more information. To identify the query that's triggering this warning call 'ConfigureWarnings(w => w.Throw(RelationalEventId.MultipleCollectionIncludeWarning))'.
info: Microsoft.EntityFrameworkCore.Database.Command[20101]
      Executed DbCommand (7ms) [Parameters=[@__ef_filter__CurrentTenantId_0='?', @__tenantId_0='?', @__normalizedPlate_1='?'], CommandType='Text', CommandTimeout='30']
      SELECT t."Id", t."Brand", t."ChassisNumber", t."Color", t."CreatedAt", t."CurrentCustomerId", t."CurrentKm", t."Model", t."TenantId", t."UpdatedAt", t."Year", v0."Id", v0."Content", v0."CreatedAt", v0."UpdatedAt", v0."VehicleId", v1."Id", v1."CreatedAt", v1."Description", v1."PhotoUrl", v1."UpdatedAt", v1."VehicleId", t."PlateNormalized", t."PlateOriginal"
      FROM (
          SELECT v."Id", v."Brand", v."ChassisNumber", v."Color", v."CreatedAt", v."CurrentCustomerId", v."CurrentKm", v."Model", v."TenantId", v."UpdatedAt", v."Year", v."PlateNormalized", v."PlateOriginal"
          FROM "Vehicles" AS v
          WHERE v."TenantId" = @__ef_filter__CurrentTenantId_0 AND v."TenantId" = @__tenantId_0 AND v."PlateNormalized" = @__normalizedPlate_1
          LIMIT 1
      ) AS t
      LEFT JOIN "VehicleNotes" AS v0 ON t."Id" = v0."VehicleId"
      LEFT JOIN "VehiclePhotos" AS v1 ON t."Id" = v1."VehicleId"
      ORDER BY t."Id", v0."Id"
info: Microsoft.EntityFrameworkCore.Database.Command[20101]
      Executed DbCommand (5ms) [Parameters=[@p0='?' (DbType = Guid), @p1='?', @p2='?', @p3='?', @p4='?' (DbType = DateTime), @p5='?' (DbType = Guid), @p6='?' (DbType = Int32), @p7='?', @p8='?', @p9='?' (DbType = DateTime), @p10='?' (DbType = Int32), @p11='?', @p12='?'], CommandType='Text', CommandTimeout='30']
      INSERT INTO "Vehicles" ("Id", "Brand", "ChassisNumber", "Color", "CreatedAt", "CurrentCustomerId", "CurrentKm", "Model", "TenantId", "UpdatedAt", "Year", "PlateNormalized", "PlateOriginal")
      VALUES (@p0, @p1, @p2, @p3, @p4, @p5, @p6, @p7, @p8, @p9, @p10, @p11, @p12);
info: MotorCare.Application.Vehicles.Commands.CreateVehicle.CreateVehicleCommandHandler[0]
      Successfully registered vehicle ad3ad8ad-3efa-4b60-92e1-1c87ac55470a with plate 34SMK20260419180522 in tenant stabil-20260419180522.
info: Microsoft.EntityFrameworkCore.Database.Command[20101]
      Executed DbCommand (2ms) [Parameters=[@__id_0='?' (DbType = Guid)], CommandType='Text', CommandTimeout='30']
      SELECT t."Id", t."CreatedAt", t."Identifier", t."IsActive", t."Name", t."UpdatedAt"
      FROM "Tenants" AS t
      WHERE t."Id" = @__id_0
      LIMIT 1
info: Microsoft.EntityFrameworkCore.Database.Command[20101]
      Executed DbCommand (1ms) [Parameters=[@__id_0='?' (DbType = Guid), @__tenantId_1='?'], CommandType='Text', CommandTimeout='30']
      SELECT u."Id", u."CreatedAt", u."Email", u."FullName", u."IsActive", u."LastLoginAt", u."PasswordHash", u."Role", u."TenantId", u."UpdatedAt"
      FROM "Users" AS u
      WHERE u."Id" = @__id_0 AND u."TenantId" = @__tenantId_1
      LIMIT 1
info: MotorCare.Application.Vehicles.Queries.GetVehicleByPlate.GetVehicleByPlateQueryHandler[0]
      Starting vehicle lookup for plate 34SMK20260419180522 in tenant stabil-20260419180522.
info: Microsoft.EntityFrameworkCore.Database.Command[20101]
      Executed DbCommand (2ms) [Parameters=[@__ef_filter__CurrentTenantId_0='?', @__tenantId_0='?', @__normalizedPlate_1='?'], CommandType='Text', CommandTimeout='30']
      SELECT t."Id", t."Brand", t."ChassisNumber", t."Color", t."CreatedAt", t."CurrentCustomerId", t."CurrentKm", t."Model", t."TenantId", t."UpdatedAt", t."Year", v0."Id", v0."Content", v0."CreatedAt", v0."UpdatedAt", v0."VehicleId", v1."Id", v1."CreatedAt", v1."Description", v1."PhotoUrl", v1."UpdatedAt", v1."VehicleId", t."PlateNormalized", t."PlateOriginal"
      FROM (
          SELECT v."Id", v."Brand", v."ChassisNumber", v."Color", v."CreatedAt", v."CurrentCustomerId", v."CurrentKm", v."Model", v."TenantId", v."UpdatedAt", v."Year", v."PlateNormalized", v."PlateOriginal"
          FROM "Vehicles" AS v
          WHERE v."TenantId" = @__ef_filter__CurrentTenantId_0 AND v."TenantId" = @__tenantId_0 AND v."PlateNormalized" = @__normalizedPlate_1
          LIMIT 1
      ) AS t
      LEFT JOIN "VehicleNotes" AS v0 ON t."Id" = v0."VehicleId"
      LEFT JOIN "VehiclePhotos" AS v1 ON t."Id" = v1."VehicleId"
      ORDER BY t."Id", v0."Id"
info: MotorCare.Application.Vehicles.Queries.GetVehicleByPlate.GetVehicleByPlateQueryHandler[0]
      Successfully found vehicle ad3ad8ad-3efa-4b60-92e1-1c87ac55470a with plate 34SMK20260419180522 in tenant stabil-20260419180522.
info: Microsoft.EntityFrameworkCore.Database.Command[20101]
      Executed DbCommand (2ms) [Parameters=[@__id_0='?' (DbType = Guid)], CommandType='Text', CommandTimeout='30']
      SELECT t."Id", t."CreatedAt", t."Identifier", t."IsActive", t."Name", t."UpdatedAt"
      FROM "Tenants" AS t
      WHERE t."Id" = @__id_0
      LIMIT 1
info: Microsoft.EntityFrameworkCore.Database.Command[20101]
      Executed DbCommand (1ms) [Parameters=[@__id_0='?' (DbType = Guid), @__tenantId_1='?'], CommandType='Text', CommandTimeout='30']
      SELECT u."Id", u."CreatedAt", u."Email", u."FullName", u."IsActive", u."LastLoginAt", u."PasswordHash", u."Role", u."TenantId", u."UpdatedAt"
      FROM "Users" AS u
      WHERE u."Id" = @__id_0 AND u."TenantId" = @__tenantId_1
      LIMIT 1
info: Microsoft.EntityFrameworkCore.Database.Command[20101]
      Executed DbCommand (2ms) [Parameters=[@__ef_filter__CurrentTenantId_0='?', @__id_0='?' (DbType = Guid), @__tenantId_1='?'], CommandType='Text', CommandTimeout='30']
      SELECT c."Id", c."CreatedAt", c."Email", c."FullName", c."Notes", c."Phone", c."TenantId", c."UpdatedAt", c."Whatsapp"
      FROM "Customers" AS c
      WHERE c."TenantId" = @__ef_filter__CurrentTenantId_0 AND c."Id" = @__id_0 AND c."TenantId" = @__tenantId_1
      LIMIT 1
warn: Microsoft.EntityFrameworkCore.Query[20504]
      Compiling a query which loads related collections for more than one collection navigation, either via 'Include' or through projection, but no 'QuerySplittingBehavior' has been configured. By default, Entity Framework will use 'QuerySplittingBehavior.SingleQuery', which can potentially result in slow query performance. See https://go.microsoft.com/fwlink/?linkid=2134277 for more information. To identify the query that's triggering this warning call 'ConfigureWarnings(w => w.Throw(RelationalEventId.MultipleCollectionIncludeWarning))'.
info: Microsoft.EntityFrameworkCore.Database.Command[20101]
      Executed DbCommand (2ms) [Parameters=[@__ef_filter__CurrentTenantId_0='?', @__id_0='?' (DbType = Guid), @__tenantId_1='?'], CommandType='Text', CommandTimeout='30']
      SELECT t."Id", t."Brand", t."ChassisNumber", t."Color", t."CreatedAt", t."CurrentCustomerId", t."CurrentKm", t."Model", t."TenantId", t."UpdatedAt", t."Year", v0."Id", v0."Content", v0."CreatedAt", v0."UpdatedAt", v0."VehicleId", v1."Id", v1."CreatedAt", v1."Description", v1."PhotoUrl", v1."UpdatedAt", v1."VehicleId", t."PlateNormalized", t."PlateOriginal"
      FROM (
          SELECT v."Id", v."Brand", v."ChassisNumber", v."Color", v."CreatedAt", v."CurrentCustomerId", v."CurrentKm", v."Model", v."TenantId", v."UpdatedAt", v."Year", v."PlateNormalized", v."PlateOriginal"
          FROM "Vehicles" AS v
          WHERE v."TenantId" = @__ef_filter__CurrentTenantId_0 AND v."Id" = @__id_0 AND v."TenantId" = @__tenantId_1
          LIMIT 1
      ) AS t
      LEFT JOIN "VehicleNotes" AS v0 ON t."Id" = v0."VehicleId"
      LEFT JOIN "VehiclePhotos" AS v1 ON t."Id" = v1."VehicleId"
      ORDER BY t."Id", v0."Id"
info: Microsoft.EntityFrameworkCore.Database.Command[20101]
      Executed DbCommand (5ms) [Parameters=[@p0='?' (DbType = Guid), @p1='?', @p2='?' (DbType = DateTime), @p3='?' (DbType = Guid), @p4='?', @p5='?' (DbType = DateTime), @p6='?', @p7='?', @p8='?', @p9='?' (DbType = Guid), @p10='?' (DbType = DateTime), @p11='?', @p12='?', @p13='?', @p14='?' (DbType = DateTime), @p15='?' (DbType = Guid)], CommandType='Text', CommandTimeout='30']
      INSERT INTO "Appointments" ("Id", "Complaint", "CreatedAt", "CustomerId", "CustomerName", "EndAt", "Note", "Phone", "Plate", "ServiceOrderId", "StartAt", "Status", "TenantId", "Type", "UpdatedAt", "VehicleId")
      VALUES (@p0, @p1, @p2, @p3, @p4, @p5, @p6, @p7, @p8, @p9, @p10, @p11, @p12, @p13, @p14, @p15);
info: Microsoft.EntityFrameworkCore.Database.Command[20101]
      Executed DbCommand (1ms) [Parameters=[@__id_0='?' (DbType = Guid)], CommandType='Text', CommandTimeout='30']
      SELECT t."Id", t."CreatedAt", t."Identifier", t."IsActive", t."Name", t."UpdatedAt"
      FROM "Tenants" AS t
      WHERE t."Id" = @__id_0
      LIMIT 1
info: Microsoft.EntityFrameworkCore.Database.Command[20101]
      Executed DbCommand (1ms) [Parameters=[@__id_0='?' (DbType = Guid), @__tenantId_1='?'], CommandType='Text', CommandTimeout='30']
      SELECT u."Id", u."CreatedAt", u."Email", u."FullName", u."IsActive", u."LastLoginAt", u."PasswordHash", u."Role", u."TenantId", u."UpdatedAt"
      FROM "Users" AS u
      WHERE u."Id" = @__id_0 AND u."TenantId" = @__tenantId_1
      LIMIT 1
info: Microsoft.EntityFrameworkCore.Database.Command[20101]
      Executed DbCommand (2ms) [Parameters=[@__ef_filter__CurrentTenantId_0='?', @__tenantId_0='?'], CommandType='Text', CommandTimeout='30']
      SELECT a."Id", a."Complaint", a."CreatedAt", a."CustomerId", a."CustomerName", a."EndAt", a."Note", a."Phone", a."Plate", a."ServiceOrderId", a."StartAt", a."Status", a."TenantId", a."Type", a."UpdatedAt", a."VehicleId"
      FROM "Appointments" AS a
      WHERE a."TenantId" = @__ef_filter__CurrentTenantId_0 AND a."TenantId" = @__tenantId_0
      ORDER BY a."StartAt"
info: Microsoft.EntityFrameworkCore.Database.Command[20101]
      Executed DbCommand (1ms) [Parameters=[@__id_0='?' (DbType = Guid)], CommandType='Text', CommandTimeout='30']
      SELECT t."Id", t."CreatedAt", t."Identifier", t."IsActive", t."Name", t."UpdatedAt"
      FROM "Tenants" AS t
      WHERE t."Id" = @__id_0
      LIMIT 1
info: Microsoft.EntityFrameworkCore.Database.Command[20101]
      Executed DbCommand (1ms) [Parameters=[@__id_0='?' (DbType = Guid), @__tenantId_1='?'], CommandType='Text', CommandTimeout='30']
      SELECT u."Id", u."CreatedAt", u."Email", u."FullName", u."IsActive", u."LastLoginAt", u."PasswordHash", u."Role", u."TenantId", u."UpdatedAt"
      FROM "Users" AS u
      WHERE u."Id" = @__id_0 AND u."TenantId" = @__tenantId_1
      LIMIT 1
info: Microsoft.EntityFrameworkCore.Database.Command[20101]
      Executed DbCommand (1ms) [Parameters=[@__ef_filter__CurrentTenantId_0='?', @__id_0='?' (DbType = Guid), @__tenantId_1='?'], CommandType='Text', CommandTimeout='30']
      SELECT a."Id", a."Complaint", a."CreatedAt", a."CustomerId", a."CustomerName", a."EndAt", a."Note", a."Phone", a."Plate", a."ServiceOrderId", a."StartAt", a."Status", a."TenantId", a."Type", a."UpdatedAt", a."VehicleId"
      FROM "Appointments" AS a
      WHERE a."TenantId" = @__ef_filter__CurrentTenantId_0 AND a."Id" = @__id_0 AND a."TenantId" = @__tenantId_1
      LIMIT 1
info: Microsoft.EntityFrameworkCore.Database.Command[20101]
      Executed DbCommand (2ms) [Parameters=[@__ef_filter__CurrentTenantId_0='?', @__id_0='?' (DbType = Guid), @__tenantId_1='?'], CommandType='Text', CommandTimeout='30']
      SELECT t."Id", t."Brand", t."ChassisNumber", t."Color", t."CreatedAt", t."CurrentCustomerId", t."CurrentKm", t."Model", t."TenantId", t."UpdatedAt", t."Year", v0."Id", v0."Content", v0."CreatedAt", v0."UpdatedAt", v0."VehicleId", v1."Id", v1."CreatedAt", v1."Description", v1."PhotoUrl", v1."UpdatedAt", v1."VehicleId", t."PlateNormalized", t."PlateOriginal"
      FROM (
          SELECT v."Id", v."Brand", v."ChassisNumber", v."Color", v."CreatedAt", v."CurrentCustomerId", v."CurrentKm", v."Model", v."TenantId", v."UpdatedAt", v."Year", v."PlateNormalized", v."PlateOriginal"
          FROM "Vehicles" AS v
          WHERE v."TenantId" = @__ef_filter__CurrentTenantId_0 AND v."Id" = @__id_0 AND v."TenantId" = @__tenantId_1
          LIMIT 1
      ) AS t
      LEFT JOIN "VehicleNotes" AS v0 ON t."Id" = v0."VehicleId"
      LEFT JOIN "VehiclePhotos" AS v1 ON t."Id" = v1."VehicleId"
      ORDER BY t."Id", v0."Id"
info: Microsoft.EntityFrameworkCore.Database.Command[20101]
      Executed DbCommand (1ms) [Parameters=[@__ef_filter__CurrentTenantId_0='?', @__id_0='?' (DbType = Guid), @__tenantId_1='?'], CommandType='Text', CommandTimeout='30']
      SELECT c."Id", c."CreatedAt", c."Email", c."FullName", c."Notes", c."Phone", c."TenantId", c."UpdatedAt", c."Whatsapp"
      FROM "Customers" AS c
      WHERE c."TenantId" = @__ef_filter__CurrentTenantId_0 AND c."Id" = @__id_0 AND c."TenantId" = @__tenantId_1
      LIMIT 1
warn: Microsoft.EntityFrameworkCore.Query[20504]
      Compiling a query which loads related collections for more than one collection navigation, either via 'Include' or through projection, but no 'QuerySplittingBehavior' has been configured. By default, Entity Framework will use 'QuerySplittingBehavior.SingleQuery', which can potentially result in slow query performance. See https://go.microsoft.com/fwlink/?linkid=2134277 for more information. To identify the query that's triggering this warning call 'ConfigureWarnings(w => w.Throw(RelationalEventId.MultipleCollectionIncludeWarning))'.
info: Microsoft.EntityFrameworkCore.Database.Command[20101]
      Executed DbCommand (3ms) [Parameters=[@__ef_filter__CurrentTenantId_0='?', @__tenantId_0='?', @__orderNo_1='?'], CommandType='Text', CommandTimeout='30']
      SELECT t."Id", t."ClosedAt", t."Complaint", t."CreatedAt", t."CustomerId", t."DiscountTotal", t."GrandTotal", t."InternalNote", t."LaborTotal", t."OpenedAt", t."OrderNo", t."PaidTotal", t."PartsTotal", t."Status", t."TenantId", t."UpdatedAt", t."VehicleId", t."VehicleKm", t."WorkDescription", s0."Id", s0."CreatedAt", s0."Description", s0."Price", s0."ServiceOrderId", s0."UpdatedAt", s1."Id", s1."CreatedAt", s1."PartName", s1."PartNumber", s1."Quantity", s1."ServiceOrderId", s1."UnitPrice", s1."UpdatedAt", s2."Id", s2."Amount", s2."CreatedAt", s2."Method", s2."PaymentDate", s2."ServiceOrderId", s2."UpdatedAt"
      FROM (
          SELECT s."Id", s."ClosedAt", s."Complaint", s."CreatedAt", s."CustomerId", s."DiscountTotal", s."GrandTotal", s."InternalNote", s."LaborTotal", s."OpenedAt", s."OrderNo", s."PaidTotal", s."PartsTotal", s."Status", s."TenantId", s."UpdatedAt", s."VehicleId", s."VehicleKm", s."WorkDescription"
          FROM "ServiceOrders" AS s
          WHERE s."TenantId" = @__ef_filter__CurrentTenantId_0 AND s."TenantId" = @__tenantId_0 AND s."OrderNo" = @__orderNo_1
          LIMIT 1
      ) AS t
      LEFT JOIN "ServiceOperationItems" AS s0 ON t."Id" = s0."ServiceOrderId"
      LEFT JOIN "ServicePartItems" AS s1 ON t."Id" = s1."ServiceOrderId"
      LEFT JOIN "ServicePayments" AS s2 ON t."Id" = s2."ServiceOrderId"
      ORDER BY t."Id", s0."Id", s1."Id"
info: Microsoft.EntityFrameworkCore.Database.Command[20101]
      Executed DbCommand (7ms) [Parameters=[@p15='?' (DbType = Guid), @p0='?', @p1='?' (DbType = DateTime), @p2='?' (DbType = Guid), @p3='?', @p4='?' (DbType = DateTime), @p5='?', @p6='?', @p7='?', @p8='?' (DbType = Guid), @p9='?' (DbType = DateTime), @p10='?', @p11='?', @p12='?', @p13='?' (DbType = DateTime), @p14='?' (DbType = Guid), @p16='?' (DbType = Guid), @p17='?' (DbType = DateTime), @p18='?', @p19='?' (DbType = DateTime), @p20='?' (DbType = Guid), @p21='?' (DbType = Decimal), @p22='?' (DbType = Decimal), @p23='?', @p24='?' (DbType = Decimal), @p25='?' (DbType = DateTime), @p26='?', @p27='?' (DbType = Decimal), @p28='?' (DbType = Decimal), @p29='?', @p30='?', @p31='?' (DbType = DateTime), @p32='?' (DbType = Guid), @p33='?' (DbType = Int32), @p34='?'], CommandType='Text', CommandTimeout='30']
      UPDATE "Appointments" SET "Complaint" = @p0, "CreatedAt" = @p1, "CustomerId" = @p2, "CustomerName" = @p3, "EndAt" = @p4, "Note" = @p5, "Phone" = @p6, "Plate" = @p7, "ServiceOrderId" = @p8, "StartAt" = @p9, "Status" = @p10, "TenantId" = @p11, "Type" = @p12, "UpdatedAt" = @p13, "VehicleId" = @p14
      WHERE "Id" = @p15;
      INSERT INTO "ServiceOrders" ("Id", "ClosedAt", "Complaint", "CreatedAt", "CustomerId", "DiscountTotal", "GrandTotal", "InternalNote", "LaborTotal", "OpenedAt", "OrderNo", "PaidTotal", "PartsTotal", "Status", "TenantId", "UpdatedAt", "VehicleId", "VehicleKm", "WorkDescription")
      VALUES (@p16, @p17, @p18, @p19, @p20, @p21, @p22, @p23, @p24, @p25, @p26, @p27, @p28, @p29, @p30, @p31, @p32, @p33, @p34);
info: Microsoft.EntityFrameworkCore.Database.Command[20101]
      Executed DbCommand (2ms) [Parameters=[@__id_0='?' (DbType = Guid)], CommandType='Text', CommandTimeout='30']
      SELECT t."Id", t."CreatedAt", t."Identifier", t."IsActive", t."Name", t."UpdatedAt"
      FROM "Tenants" AS t
      WHERE t."Id" = @__id_0
      LIMIT 1
info: Microsoft.EntityFrameworkCore.Database.Command[20101]
      Executed DbCommand (1ms) [Parameters=[@__id_0='?' (DbType = Guid), @__tenantId_1='?'], CommandType='Text', CommandTimeout='30']
      SELECT u."Id", u."CreatedAt", u."Email", u."FullName", u."IsActive", u."LastLoginAt", u."PasswordHash", u."Role", u."TenantId", u."UpdatedAt"
      FROM "Users" AS u
      WHERE u."Id" = @__id_0 AND u."TenantId" = @__tenantId_1
      LIMIT 1
warn: Microsoft.EntityFrameworkCore.Query[20504]
      Compiling a query which loads related collections for more than one collection navigation, either via 'Include' or through projection, but no 'QuerySplittingBehavior' has been configured. By default, Entity Framework will use 'QuerySplittingBehavior.SingleQuery', which can potentially result in slow query performance. See https://go.microsoft.com/fwlink/?linkid=2134277 for more information. To identify the query that's triggering this warning call 'ConfigureWarnings(w => w.Throw(RelationalEventId.MultipleCollectionIncludeWarning))'.
info: Microsoft.EntityFrameworkCore.Database.Command[20101]
      Executed DbCommand (4ms) [Parameters=[@__ef_filter__CurrentTenantId_0='?', @__tenantId_0='?'], CommandType='Text', CommandTimeout='30']
      SELECT s."Id", s."ClosedAt", s."Complaint", s."CreatedAt", s."CustomerId", s."DiscountTotal", s."GrandTotal", s."InternalNote", s."LaborTotal", s."OpenedAt", s."OrderNo", s."PaidTotal", s."PartsTotal", s."Status", s."TenantId", s."UpdatedAt", s."VehicleId", s."VehicleKm", s."WorkDescription", s0."Id", s0."CreatedAt", s0."Description", s0."Price", s0."ServiceOrderId", s0."UpdatedAt", s1."Id", s1."CreatedAt", s1."PartName", s1."PartNumber", s1."Quantity", s1."ServiceOrderId", s1."UnitPrice", s1."UpdatedAt", s2."Id", s2."Amount", s2."CreatedAt", s2."Method", s2."PaymentDate", s2."ServiceOrderId", s2."UpdatedAt"
      FROM "ServiceOrders" AS s
      LEFT JOIN "ServiceOperationItems" AS s0 ON s."Id" = s0."ServiceOrderId"
      LEFT JOIN "ServicePartItems" AS s1 ON s."Id" = s1."ServiceOrderId"
      LEFT JOIN "ServicePayments" AS s2 ON s."Id" = s2."ServiceOrderId"
      WHERE s."TenantId" = @__ef_filter__CurrentTenantId_0 AND s."TenantId" = @__tenantId_0
      ORDER BY s."OpenedAt" DESC, s."Id", s0."Id", s1."Id"
info: Microsoft.EntityFrameworkCore.Database.Command[20101]
      Executed DbCommand (2ms) [Parameters=[@__id_0='?' (DbType = Guid)], CommandType='Text', CommandTimeout='30']
      SELECT t."Id", t."CreatedAt", t."Identifier", t."IsActive", t."Name", t."UpdatedAt"
      FROM "Tenants" AS t
      WHERE t."Id" = @__id_0
      LIMIT 1
info: Microsoft.EntityFrameworkCore.Database.Command[20101]
      Executed DbCommand (1ms) [Parameters=[@__id_0='?' (DbType = Guid), @__tenantId_1='?'], CommandType='Text', CommandTimeout='30']
      SELECT u."Id", u."CreatedAt", u."Email", u."FullName", u."IsActive", u."LastLoginAt", u."PasswordHash", u."Role", u."TenantId", u."UpdatedAt"
      FROM "Users" AS u
      WHERE u."Id" = @__id_0 AND u."TenantId" = @__tenantId_1
      LIMIT 1
warn: Microsoft.EntityFrameworkCore.Query[20504]
      Compiling a query which loads related collections for more than one collection navigation, either via 'Include' or through projection, but no 'QuerySplittingBehavior' has been configured. By default, Entity Framework will use 'QuerySplittingBehavior.SingleQuery', which can potentially result in slow query performance. See https://go.microsoft.com/fwlink/?linkid=2134277 for more information. To identify the query that's triggering this warning call 'ConfigureWarnings(w => w.Throw(RelationalEventId.MultipleCollectionIncludeWarning))'.
info: Microsoft.EntityFrameworkCore.Database.Command[20101]
      Executed DbCommand (3ms) [Parameters=[@__ef_filter__CurrentTenantId_0='?', @__id_0='?' (DbType = Guid), @__tenantId_1='?'], CommandType='Text', CommandTimeout='30']
      SELECT t."Id", t."ClosedAt", t."Complaint", t."CreatedAt", t."CustomerId", t."DiscountTotal", t."GrandTotal", t."InternalNote", t."LaborTotal", t."OpenedAt", t."OrderNo", t."PaidTotal", t."PartsTotal", t."Status", t."TenantId", t."UpdatedAt", t."VehicleId", t."VehicleKm", t."WorkDescription", s0."Id", s0."CreatedAt", s0."Description", s0."Price", s0."ServiceOrderId", s0."UpdatedAt", s1."Id", s1."CreatedAt", s1."PartName", s1."PartNumber", s1."Quantity", s1."ServiceOrderId", s1."UnitPrice", s1."UpdatedAt", s2."Id", s2."Amount", s2."CreatedAt", s2."Method", s2."PaymentDate", s2."ServiceOrderId", s2."UpdatedAt"
      FROM (
          SELECT s."Id", s."ClosedAt", s."Complaint", s."CreatedAt", s."CustomerId", s."DiscountTotal", s."GrandTotal", s."InternalNote", s."LaborTotal", s."OpenedAt", s."OrderNo", s."PaidTotal", s."PartsTotal", s."Status", s."TenantId", s."UpdatedAt", s."VehicleId", s."VehicleKm", s."WorkDescription"
          FROM "ServiceOrders" AS s
          WHERE s."TenantId" = @__ef_filter__CurrentTenantId_0 AND s."Id" = @__id_0 AND s."TenantId" = @__tenantId_1
          LIMIT 1
      ) AS t
      LEFT JOIN "ServiceOperationItems" AS s0 ON t."Id" = s0."ServiceOrderId"
      LEFT JOIN "ServicePartItems" AS s1 ON t."Id" = s1."ServiceOrderId"
      LEFT JOIN "ServicePayments" AS s2 ON t."Id" = s2."ServiceOrderId"
      ORDER BY t."Id", s0."Id", s1."Id"
