info: Microsoft.Hosting.Lifetime[14]
      Now listening on: http://localhost:5099
info: Microsoft.Hosting.Lifetime[0]
      Application started. Press Ctrl+C to shut down.
info: Microsoft.Hosting.Lifetime[0]
      Hosting environment: Development
info: Microsoft.Hosting.Lifetime[0]
      Content root path: C:\Users\yigit\Desktop\MotorCare\src\MotorCare.Api
warn: Microsoft.AspNetCore.HttpsPolicy.HttpsRedirectionMiddleware[3]
      Failed to determine the https port for redirect.
warn: LuckyPennySoftware.MediatR.License[0]
      You do not have a valid license key for the Lucky Penny software MediatR. This is allowed for development and testing scenarios. If you are running in production you are required to have a licensed version. Please visit https://luckypennysoftware.com to obtain a valid license.
info: Microsoft.EntityFrameworkCore.Database.Command[20101]
      Executed DbCommand (39ms) [Parameters=[@__identifier_0='?'], CommandType='Text', CommandTimeout='30']
      SELECT t."Id", t."CreatedAt", t."Identifier", t."IsActive", t."Name", t."UpdatedAt"
      FROM "Tenants" AS t
      WHERE t."Identifier" = @__identifier_0
      LIMIT 1
info: Microsoft.EntityFrameworkCore.Database.Command[20101]
      Executed DbCommand (4ms) [Parameters=[@__tenantId_0='?', @__normalizedEmail_1='?'], CommandType='Text', CommandTimeout='30']
      SELECT u."Id", u."CreatedAt", u."Email", u."FullName", u."IsActive", u."LastLoginAt", u."PasswordHash", u."Role", u."TenantId", u."UpdatedAt"
      FROM "Users" AS u
      WHERE u."TenantId" = @__tenantId_0 AND u."Email" = @__normalizedEmail_1
      LIMIT 1
info: Microsoft.EntityFrameworkCore.Database.Command[20101]
      Executed DbCommand (7ms) [Parameters=[@p0='?' (DbType = Guid), @p1='?' (DbType = DateTime), @p2='?', @p3='?' (DbType = Boolean), @p4='?', @p5='?' (DbType = DateTime), @p6='?' (DbType = Guid), @p7='?' (DbType = DateTime), @p8='?', @p9='?', @p10='?' (DbType = Boolean), @p11='?' (DbType = DateTime), @p12='?', @p13='?', @p14='?', @p15='?' (DbType = DateTime)], CommandType='Text', CommandTimeout='30']
      INSERT INTO "Tenants" ("Id", "CreatedAt", "Identifier", "IsActive", "Name", "UpdatedAt")
      VALUES (@p0, @p1, @p2, @p3, @p4, @p5);
      INSERT INTO "Users" ("Id", "CreatedAt", "Email", "FullName", "IsActive", "LastLoginAt", "PasswordHash", "Role", "TenantId", "UpdatedAt")
      VALUES (@p6, @p7, @p8, @p9, @p10, @p11, @p12, @p13, @p14, @p15);
info: Microsoft.EntityFrameworkCore.Database.Command[20101]
      Executed DbCommand (1ms) [Parameters=[@__identifier_0='?'], CommandType='Text', CommandTimeout='30']
      SELECT t."Id", t."CreatedAt", t."Identifier", t."IsActive", t."Name", t."UpdatedAt"
      FROM "Tenants" AS t
      WHERE t."Identifier" = @__identifier_0
      LIMIT 1
info: Microsoft.EntityFrameworkCore.Database.Command[20101]
      Executed DbCommand (2ms) [Parameters=[@__tenantId_0='?', @__normalizedEmail_1='?'], CommandType='Text', CommandTimeout='30']
      SELECT u."Id", u."CreatedAt", u."Email", u."FullName", u."IsActive", u."LastLoginAt", u."PasswordHash", u."Role", u."TenantId", u."UpdatedAt"
      FROM "Users" AS u
      WHERE u."TenantId" = @__tenantId_0 AND u."Email" = @__normalizedEmail_1
      LIMIT 1
info: Microsoft.EntityFrameworkCore.Database.Command[20101]
      Executed DbCommand (3ms) [Parameters=[@p0='?' (DbType = Guid), @p1='?' (DbType = DateTime), @p2='?' (DbType = DateTime), @p3='?' (DbType = DateTime), @p4='?', @p5='?' (DbType = DateTime), @p6='?' (DbType = Guid), @p9='?' (DbType = Guid), @p7='?' (DbType = DateTime), @p8='?' (DbType = DateTime)], CommandType='Text', CommandTimeout='30']
      INSERT INTO "UserRefreshTokens" ("Id", "CreatedAt", "ExpiresAt", "RevokedAt", "TokenHash", "UpdatedAt", "UserId")
      VALUES (@p0, @p1, @p2, @p3, @p4, @p5, @p6);
      UPDATE "Users" SET "LastLoginAt" = @p7, "UpdatedAt" = @p8
      WHERE "Id" = @p9;
info: Microsoft.EntityFrameworkCore.Database.Command[20101]
      Executed DbCommand (2ms) [Parameters=[@__id_0='?' (DbType = Guid)], CommandType='Text', CommandTimeout='30']
      SELECT t."Id", t."CreatedAt", t."Identifier", t."IsActive", t."Name", t."UpdatedAt"
      FROM "Tenants" AS t
      WHERE t."Id" = @__id_0
      LIMIT 1
info: Microsoft.EntityFrameworkCore.Database.Command[20101]
      Executed DbCommand (2ms) [Parameters=[@__id_0='?' (DbType = Guid), @__tenantId_1='?'], CommandType='Text', CommandTimeout='30']
      SELECT u."Id", u."CreatedAt", u."Email", u."FullName", u."IsActive", u."LastLoginAt", u."PasswordHash", u."Role", u."TenantId", u."UpdatedAt"
      FROM "Users" AS u
      WHERE u."Id" = @__id_0 AND u."TenantId" = @__tenantId_1
      LIMIT 1
info: Microsoft.EntityFrameworkCore.Database.Command[20101]
      Executed DbCommand (3ms) [Parameters=[@__ef_filter__CurrentTenantId_0='?', @__tenantId_0='?', @__phone_1='?'], CommandType='Text', CommandTimeout='30']
      SELECT c."Id", c."CreatedAt", c."Email", c."FullName", c."Notes", c."Phone", c."TenantId", c."UpdatedAt", c."Whatsapp"
      FROM "Customers" AS c
      WHERE c."TenantId" = @__ef_filter__CurrentTenantId_0 AND c."TenantId" = @__tenantId_0 AND c."Phone" = @__phone_1
      LIMIT 1
info: Microsoft.EntityFrameworkCore.Database.Command[20101]
      Executed DbCommand (5ms) [Parameters=[@p0='?' (DbType = Guid), @p1='?' (DbType = DateTime), @p2='?', @p3='?', @p4='?', @p5='?', @p6='?', @p7='?' (DbType = DateTime), @p8='?'], CommandType='Text', CommandTimeout='30']
      INSERT INTO "Customers" ("Id", "CreatedAt", "Email", "FullName", "Notes", "Phone", "TenantId", "UpdatedAt", "Whatsapp")
      VALUES (@p0, @p1, @p2, @p3, @p4, @p5, @p6, @p7, @p8);
info: Microsoft.EntityFrameworkCore.Database.Command[20101]
      Executed DbCommand (7ms) [Parameters=[@__id_0='?' (DbType = Guid)], CommandType='Text', CommandTimeout='30']
      SELECT t."Id", t."CreatedAt", t."Identifier", t."IsActive", t."Name", t."UpdatedAt"
      FROM "Tenants" AS t
      WHERE t."Id" = @__id_0
      LIMIT 1
info: Microsoft.EntityFrameworkCore.Database.Command[20101]
      Executed DbCommand (3ms) [Parameters=[@__id_0='?' (DbType = Guid), @__tenantId_1='?'], CommandType='Text', CommandTimeout='30']
      SELECT u."Id", u."CreatedAt", u."Email", u."FullName", u."IsActive", u."LastLoginAt", u."PasswordHash", u."Role", u."TenantId", u."UpdatedAt"
      FROM "Users" AS u
      WHERE u."Id" = @__id_0 AND u."TenantId" = @__tenantId_1
      LIMIT 1
info: MotorCare.Application.Vehicles.Commands.CreateVehicle.CreateVehicleCommandHandler[0]
      Starting vehicle registration for plate 34MOTO124 in tenant insp2-20260423155917.
warn: Microsoft.EntityFrameworkCore.Query[20504]
      Compiling a query which loads related collections for more than one collection navigation, either via 'Include' or through projection, but no 'QuerySplittingBehavior' has been configured. By default, Entity Framework will use 'QuerySplittingBehavior.SingleQuery', which can potentially result in slow query performance. See https://go.microsoft.com/fwlink/?linkid=2134277 for more information. To identify the query that's triggering this warning call 'ConfigureWarnings(w => w.Throw(RelationalEventId.MultipleCollectionIncludeWarning))'.
info: Microsoft.EntityFrameworkCore.Database.Command[20101]
      Executed DbCommand (5ms) [Parameters=[@__ef_filter__CurrentTenantId_0='?', @__tenantId_0='?', @__normalizedPlate_1='?'], CommandType='Text', CommandTimeout='30']
      SELECT t."Id", t."Brand", t."ChassisNumber", t."Color", t."CreatedAt", t."CurrentCustomerId", t."CurrentKm", t."Model", t."TenantId", t."UpdatedAt", t."Year", v0."Id", v0."Content", v0."CreatedAt", v0."UpdatedAt", v0."VehicleId", v1."Id", v1."CreatedAt", v1."Description", v1."PhotoUrl", v1."UpdatedAt", v1."VehicleId", t."PlateNormalized", t."PlateOriginal"
      FROM (
          SELECT v."Id", v."Brand", v."ChassisNumber", v."Color", v."CreatedAt", v."CurrentCustomerId", v."CurrentKm", v."Model", v."TenantId", v."UpdatedAt", v."Year", v."PlateNormalized", v."PlateOriginal"
          FROM "Vehicles" AS v
          WHERE v."TenantId" = @__ef_filter__CurrentTenantId_0 AND v."TenantId" = @__tenantId_0 AND v."PlateNormalized" = @__normalizedPlate_1
          LIMIT 1
      ) AS t
      LEFT JOIN "VehicleNotes" AS v0 ON t."Id" = v0."VehicleId"
      LEFT JOIN "VehiclePhotos" AS v1 ON t."Id" = v1."VehicleId"
      ORDER BY t."Id", v0."Id"
info: Microsoft.EntityFrameworkCore.Database.Command[20101]
      Executed DbCommand (7ms) [Parameters=[@p0='?' (DbType = Guid), @p1='?', @p2='?', @p3='?', @p4='?' (DbType = DateTime), @p5='?' (DbType = Guid), @p6='?' (DbType = Int32), @p7='?', @p8='?', @p9='?' (DbType = DateTime), @p10='?' (DbType = Int32), @p11='?', @p12='?'], CommandType='Text', CommandTimeout='30']
      INSERT INTO "Vehicles" ("Id", "Brand", "ChassisNumber", "Color", "CreatedAt", "CurrentCustomerId", "CurrentKm", "Model", "TenantId", "UpdatedAt", "Year", "PlateNormalized", "PlateOriginal")
      VALUES (@p0, @p1, @p2, @p3, @p4, @p5, @p6, @p7, @p8, @p9, @p10, @p11, @p12);
info: MotorCare.Application.Vehicles.Commands.CreateVehicle.CreateVehicleCommandHandler[0]
      Successfully registered vehicle 304739fb-8dd6-4038-8ba4-9ceb46ae5a78 with plate 34MOTO124 in tenant insp2-20260423155917.
info: Microsoft.EntityFrameworkCore.Database.Command[20101]
      Executed DbCommand (2ms) [Parameters=[@__id_0='?' (DbType = Guid)], CommandType='Text', CommandTimeout='30']
      SELECT t."Id", t."CreatedAt", t."Identifier", t."IsActive", t."Name", t."UpdatedAt"
      FROM "Tenants" AS t
      WHERE t."Id" = @__id_0
      LIMIT 1
info: Microsoft.EntityFrameworkCore.Database.Command[20101]
      Executed DbCommand (1ms) [Parameters=[@__id_0='?' (DbType = Guid), @__tenantId_1='?'], CommandType='Text', CommandTimeout='30']
      SELECT u."Id", u."CreatedAt", u."Email", u."FullName", u."IsActive", u."LastLoginAt", u."PasswordHash", u."Role", u."TenantId", u."UpdatedAt"
      FROM "Users" AS u
      WHERE u."Id" = @__id_0 AND u."TenantId" = @__tenantId_1
      LIMIT 1
info: Microsoft.EntityFrameworkCore.Database.Command[20101]
      Executed DbCommand (6ms) [Parameters=[@__ef_filter__CurrentTenantId_0='?', @__tenantId_0='?', @__dayStartUtc_1='?' (DbType = DateTime), @__dayEndUtc_2='?' (DbType = DateTime)], CommandType='Text', CommandTimeout='30']
      SELECT count(*)::int
      FROM "MotorcycleInspections" AS m
      WHERE m."TenantId" = @__ef_filter__CurrentTenantId_0 AND m."TenantId" = @__tenantId_0 AND m."CreatedAt" >= @__dayStartUtc_1 AND m."CreatedAt" < @__dayEndUtc_2
info: Microsoft.EntityFrameworkCore.Database.Command[20101]
      Executed DbCommand (5ms) [Parameters=[@__ef_filter__CurrentTenantId_0='?', @__tenantId_0='?', @__inspectionNo_1='?'], CommandType='Text', CommandTimeout='30']
      SELECT t."Id", t."Brand", t."ChassisNumber", t."CompletedAt", t."CosmeticNotes", t."CreatedAt", t."CustomerId", t."CustomerName", t."EngineNumber", t."GeneralNotes", t."InspectionNo", t."Mileage", t."MileageQuery", t."Model", t."PackagePrice", t."PackageType", t."Phone", t."Plate", t."Query5664", t."Status", t."TenantId", t."TestRideNotes", t."UpdatedAt", t."VehicleId", t."Year", m0."Id", m0."Category", m0."CreatedAt", m0."MotorcycleInspectionId", m0."Name", m0."Notes", m0."Result", m0."SortOrder", m0."UpdatedAt"
      FROM (
          SELECT m."Id", m."Brand", m."ChassisNumber", m."CompletedAt", m."CosmeticNotes", m."CreatedAt", m."CustomerId", m."CustomerName", m."EngineNumber", m."GeneralNotes", m."InspectionNo", m."Mileage", m."MileageQuery", m."Model", m."PackagePrice", m."PackageType", m."Phone", m."Plate", m."Query5664", m."Status", m."TenantId", m."TestRideNotes", m."UpdatedAt", m."VehicleId", m."Year"
          FROM "MotorcycleInspections" AS m
          WHERE m."TenantId" = @__ef_filter__CurrentTenantId_0 AND m."TenantId" = @__tenantId_0 AND m."InspectionNo" = @__inspectionNo_1
          LIMIT 1
      ) AS t
      LEFT JOIN "MotorcycleInspectionItems" AS m0 ON t."Id" = m0."MotorcycleInspectionId"
      ORDER BY t."Id"
info: Microsoft.EntityFrameworkCore.Database.Command[20101]
      Executed DbCommand (88ms) [Parameters=[@p0='?' (DbType = Guid), @p1='?', @p2='?', @p3='?' (DbType = DateTime), @p4='?', @p5='?' (DbType = DateTime), @p6='?' (DbType = Guid), @p7='?', @p8='?', @p9='?', @p10='?', @p11='?' (DbType = Int32), @p12='?', @p13='?', @p14='?' (DbType = Decimal), @p15='?', @p16='?', @p17='?', @p18='?', @p19='?', @p20='?', @p21='?', @p22='?' (DbType = DateTime), @p23='?' (DbType = Guid), @p24='?' (DbType = Int32), @p25='?' (DbType = Guid), @p26='?', @p27='?' (DbType = DateTime), @p28='?' (DbType = Guid), @p29='?', @p30='?', @p31='?', @p32='?' (DbType = Int32), @p33='?' (DbType = DateTime), @p34='?' (DbType = Guid), @p35='?', @p36='?' (DbType = DateTime), @p37='?' (DbType = Guid), @p38='?', @p39='?', @p40='?', @p41='?' (DbType = Int32), @p42='?' (DbType = DateTime), @p43='?' (DbType = Guid), @p44='?', @p45='?' (DbType = DateTime), @p46='?' (DbType = Guid), @p47='?', @p48='?', @p49='?', @p50='?' (DbType = Int32), @p51='?' (DbType = DateTime), @p52='?' (DbType = Guid), @p53='?', @p54='?' (DbType = DateTime), @p55='?' (DbType = Guid), @p56='?', @p57='?', @p58='?', @p59='?' (DbType = Int32), @p60='?' (DbType = DateTime), @p61='?' (DbType = Guid), @p62='?', @p63='?' (DbType = DateTime), @p64='?' (DbType = Guid), @p65='?', @p66='?', @p67='?', @p68='?' (DbType = Int32), @p69='?' (DbType = DateTime), @p70='?' (DbType = Guid), @p71='?', @p72='?' (DbType = DateTime), @p73='?' (DbType = Guid), @p74='?', @p75='?', @p76='?', @p77='?' (DbType = Int32), @p78='?' (DbType = DateTime), @p79='?' (DbType = Guid), @p80='?', @p81='?' (DbType = DateTime), @p82='?' (DbType = Guid), @p83='?', @p84='?', @p85='?', @p86='?' (DbType = Int32), @p87='?' (DbType = DateTime), @p88='?' (DbType = Guid), @p89='?', @p90='?' (DbType = DateTime), @p91='?' (DbType = Guid), @p92='?', @p93='?', @p94='?', @p95='?' (DbType = Int32), @p96='?' (DbType = DateTime), @p97='?' (DbType = Guid), @p98='?', @p99='?' (DbType = DateTime), @p100='?' (DbType = Guid), @p101='?', @p102='?', @p103='?', @p104='?' (DbType = Int32), @p105='?' (DbType = DateTime), @p106='?' (DbType = Guid), @p107='?', @p108='?' (DbType = DateTime), @p109='?' (DbType = Guid), @p110='?', @p111='?', @p112='?', @p113='?' (DbType = Int32), @p114='?' (DbType = DateTime), @p115='?' (DbType = Guid), @p116='?', @p117='?' (DbType = DateTime), @p118='?' (DbType = Guid), @p119='?', @p120='?', @p121='?', @p122='?' (DbType = Int32), @p123='?' (DbType = DateTime), @p124='?' (DbType = Guid), @p125='?', @p126='?' (DbType = DateTime), @p127='?' (DbType = Guid), @p128='?', @p129='?', @p130='?', @p131='?' (DbType = Int32), @p132='?' (DbType = DateTime), @p133='?' (DbType = Guid), @p134='?', @p135='?' (DbType = DateTime), @p136='?' (DbType = Guid), @p137='?', @p138='?', @p139='?', @p140='?' (DbType = Int32), @p141='?' (DbType = DateTime), @p142='?' (DbType = Guid), @p143='?', @p144='?' (DbType = DateTime), @p145='?' (DbType = Guid), @p146='?', @p147='?', @p148='?', @p149='?' (DbType = Int32), @p150='?' (DbType = DateTime), @p151='?' (DbType = Guid), @p152='?', @p153='?' (DbType = DateTime), @p154='?' (DbType = Guid), @p155='?', @p156='?', @p157='?', @p158='?' (DbType = Int32), @p159='?' (DbType = DateTime), @p160='?' (DbType = Guid), @p161='?', @p162='?' (DbType = DateTime), @p163='?' (DbType = Guid), @p164='?', @p165='?', @p166='?', @p167='?' (DbType = Int32), @p168='?' (DbType = DateTime), @p169='?' (DbType = Guid), @p170='?', @p171='?' (DbType = DateTime), @p172='?' (DbType = Guid), @p173='?', @p174='?', @p175='?', @p176='?' (DbType = Int32), @p177='?' (DbType = DateTime), @p178='?' (DbType = Guid), @p179='?', @p180='?' (DbType = DateTime), @p181='?' (DbType = Guid), @p182='?', @p183='?', @p184='?', @p185='?' (DbType = Int32), @p186='?' (DbType = DateTime), @p187='?' (DbType = Guid), @p188='?', @p189='?' (DbType = DateTime), @p190='?' (DbType = Guid), @p191='?', @p192='?', @p193='?', @p194='?' (DbType = Int32), @p195='?' (DbType = DateTime), @p196='?' (DbType = Guid), @p197='?', @p198='?' (DbType = DateTime), @p199='?' (DbType = Guid), @p200='?', @p201='?', @p202='?', @p203='?' (DbType = Int32), @p204='?' (DbType = DateTime), @p205='?' (DbType = Guid), @p206='?', @p207='?' (DbType = DateTime), @p208='?' (DbType = Guid), @p209='?', @p210='?', @p211='?', @p212='?' (DbType = Int32), @p213='?' (DbType = DateTime), @p214='?' (DbType = Guid), @p215='?', @p216='?' (DbType = DateTime), @p217='?' (DbType = Guid), @p218='?', @p219='?', @p220='?', @p221='?' (DbType = Int32), @p222='?' (DbType = DateTime), @p223='?' (DbType = Guid), @p224='?', @p225='?' (DbType = DateTime), @p226='?' (DbType = Guid), @p227='?', @p228='?', @p229='?', @p230='?' (DbType = Int32), @p231='?' (DbType = DateTime), @p232='?' (DbType = Guid), @p233='?', @p234='?' (DbType = DateTime), @p235='?' (DbType = Guid), @p236='?', @p237='?', @p238='?', @p239='?' (DbType = Int32), @p240='?' (DbType = DateTime), @p241='?' (DbType = Guid), @p242='?', @p243='?' (DbType = DateTime), @p244='?' (DbType = Guid), @p245='?', @p246='?', @p247='?', @p248='?' (DbType = Int32), @p249='?' (DbType = DateTime), @p250='?' (DbType = Guid), @p251='?', @p252='?' (DbType = DateTime), @p253='?' (DbType = Guid), @p254='?', @p255='?', @p256='?', @p257='?' (DbType = Int32), @p258='?' (DbType = DateTime), @p259='?' (DbType = Guid), @p260='?', @p261='?' (DbType = DateTime), @p262='?' (DbType = Guid), @p263='?', @p264='?', @p265='?', @p266='?' (DbType = Int32), @p267='?' (DbType = DateTime), @p268='?' (DbType = Guid), @p269='?', @p270='?' (DbType = DateTime), @p271='?' (DbType = Guid), @p272='?', @p273='?', @p274='?', @p275='?' (DbType = Int32), @p276='?' (DbType = DateTime), @p277='?' (DbType = Guid), @p278='?', @p279='?' (DbType = DateTime), @p280='?' (DbType = Guid), @p281='?', @p282='?', @p283='?', @p284='?' (DbType = Int32), @p285='?' (DbType = DateTime), @p286='?' (DbType = Guid), @p287='?', @p288='?' (DbType = DateTime), @p289='?' (DbType = Guid), @p290='?', @p291='?', @p292='?', @p293='?' (DbType = Int32), @p294='?' (DbType = DateTime), @p295='?' (DbType = Guid), @p296='?', @p297='?' (DbType = DateTime), @p298='?' (DbType = Guid), @p299='?', @p300='?', @p301='?', @p302='?' (DbType = Int32), @p303='?' (DbType = DateTime), @p304='?' (DbType = Guid), @p305='?', @p306='?' (DbType = DateTime), @p307='?' (DbType = Guid), @p308='?', @p309='?', @p310='?', @p311='?' (DbType = Int32), @p312='?' (DbType = DateTime), @p313='?' (DbType = Guid), @p314='?', @p315='?' (DbType = DateTime), @p316='?' (DbType = Guid), @p317='?', @p318='?', @p319='?', @p320='?' (DbType = Int32), @p321='?' (DbType = DateTime), @p322='?' (DbType = Guid), @p323='?', @p324='?' (DbType = DateTime), @p325='?' (DbType = Guid), @p326='?', @p327='?', @p328='?', @p329='?' (DbType = Int32), @p330='?' (DbType = DateTime), @p331='?' (DbType = Guid), @p332='?', @p333='?' (DbType = DateTime), @p334='?' (DbType = Guid), @p335='?', @p336='?', @p337='?', @p338='?' (DbType = Int32), @p339='?' (DbType = DateTime), @p340='?' (DbType = Guid), @p341='?', @p342='?' (DbType = DateTime), @p343='?' (DbType = Guid), @p344='?', @p345='?', @p346='?', @p347='?' (DbType = Int32), @p348='?' (DbType = DateTime), @p349='?' (DbType = Guid), @p350='?', @p351='?' (DbType = DateTime), @p352='?' (DbType = Guid), @p353='?', @p354='?', @p355='?', @p356='?' (DbType = Int32), @p357='?' (DbType = DateTime), @p358='?' (DbType = Guid), @p359='?', @p360='?' (DbType = DateTime), @p361='?' (DbType = Guid), @p362='?', @p363='?', @p364='?', @p365='?' (DbType = Int32), @p366='?' (DbType = DateTime), @p367='?' (DbType = Guid), @p368='?', @p369='?' (DbType = DateTime), @p370='?' (DbType = Guid), @p371='?', @p372='?', @p373='?', @p374='?' (DbType = Int32), @p375='?' (DbType = DateTime), @p376='?' (DbType = Guid), @p377='?', @p378='?' (DbType = DateTime), @p379='?' (DbType = Guid), @p380='?', @p381='?', @p382='?', @p383='?' (DbType = Int32), @p384='?' (DbType = DateTime), @p385='?' (DbType = Guid), @p386='?', @p387='?' (DbType = DateTime), @p388='?' (DbType = Guid), @p389='?', @p390='?', @p391='?', @p392='?' (DbType = Int32), @p393='?' (DbType = DateTime), @p394='?' (DbType = Guid), @p395='?', @p396='?' (DbType = DateTime), @p397='?' (DbType = Guid), @p398='?', @p399='?', @p400='?', @p401='?' (DbType = Int32), @p402='?' (DbType = DateTime), @p403='?' (DbType = Guid), @p404='?', @p405='?' (DbType = DateTime), @p406='?' (DbType = Guid), @p407='?', @p408='?', @p409='?', @p410='?' (DbType = Int32), @p411='?' (DbType = DateTime), @p412='?' (DbType = Guid), @p413='?', @p414='?' (DbType = DateTime), @p415='?' (DbType = Guid), @p416='?', @p417='?', @p418='?', @p419='?' (DbType = Int32), @p420='?' (DbType = DateTime), @p421='?' (DbType = Guid), @p422='?', @p423='?' (DbType = DateTime), @p424='?' (DbType = Guid), @p425='?', @p426='?', @p427='?', @p428='?' (DbType = Int32), @p429='?' (DbType = DateTime), @p430='?' (DbType = Guid), @p431='?', @p432='?' (DbType = DateTime), @p433='?' (DbType = Guid), @p434='?', @p435='?', @p436='?', @p437='?' (DbType = Int32), @p438='?' (DbType = DateTime), @p439='?' (DbType = Guid), @p440='?', @p441='?' (DbType = DateTime), @p442='?' (DbType = Guid), @p443='?', @p444='?', @p445='?', @p446='?' (DbType = Int32), @p447='?' (DbType = DateTime), @p448='?' (DbType = Guid), @p449='?', @p450='?' (DbType = DateTime), @p451='?' (DbType = Guid), @p452='?', @p453='?', @p454='?', @p455='?' (DbType = Int32), @p456='?' (DbType = DateTime), @p457='?' (DbType = Guid), @p458='?', @p459='?' (DbType = DateTime), @p460='?' (DbType = Guid), @p461='?', @p462='?', @p463='?', @p464='?' (DbType = Int32), @p465='?' (DbType = DateTime), @p466='?' (DbType = Guid), @p467='?', @p468='?' (DbType = DateTime), @p469='?' (DbType = Guid), @p470='?', @p471='?', @p472='?', @p473='?' (DbType = Int32), @p474='?' (DbType = DateTime), @p475='?' (DbType = Guid), @p476='?', @p477='?' (DbType = DateTime), @p478='?' (DbType = Guid), @p479='?', @p480='?', @p481='?', @p482='?' (DbType = Int32), @p483='?' (DbType = DateTime), @p484='?' (DbType = Guid), @p485='?', @p486='?' (DbType = DateTime), @p487='?' (DbType = Guid), @p488='?', @p489='?', @p490='?', @p491='?' (DbType = Int32), @p492='?' (DbType = DateTime), @p493='?' (DbType = Guid), @p494='?', @p495='?' (DbType = DateTime), @p496='?' (DbType = Guid), @p497='?', @p498='?', @p499='?', @p500='?' (DbType = Int32), @p501='?' (DbType = DateTime), @p502='?' (DbType = Guid), @p503='?', @p504='?' (DbType = DateTime), @p505='?' (DbType = Guid), @p506='?', @p507='?', @p508='?', @p509='?' (DbType = Int32), @p510='?' (DbType = DateTime), @p511='?' (DbType = Guid), @p512='?', @p513='?' (DbType = DateTime), @p514='?' (DbType = Guid), @p515='?', @p516='?', @p517='?', @p518='?' (DbType = Int32), @p519='?' (DbType = DateTime), @p520='?' (DbType = Guid), @p521='?', @p522='?' (DbType = DateTime), @p523='?' (DbType = Guid), @p524='?', @p525='?', @p526='?', @p527='?' (DbType = Int32), @p528='?' (DbType = DateTime), @p529='?' (DbType = Guid), @p530='?', @p531='?' (DbType = DateTime), @p532='?' (DbType = Guid), @p533='?', @p534='?', @p535='?', @p536='?' (DbType = Int32), @p537='?' (DbType = DateTime), @p538='?' (DbType = Guid), @p539='?', @p540='?' (DbType = DateTime), @p541='?' (DbType = Guid), @p542='?', @p543='?', @p544='?', @p545='?' (DbType = Int32), @p546='?' (DbType = DateTime), @p547='?' (DbType = Guid), @p548='?', @p549='?' (DbType = DateTime), @p550='?' (DbType = Guid), @p551='?', @p552='?', @p553='?', @p554='?' (DbType = Int32), @p555='?' (DbType = DateTime), @p556='?' (DbType = Guid), @p557='?', @p558='?' (DbType = DateTime), @p559='?' (DbType = Guid), @p560='?', @p561='?', @p562='?', @p563='?' (DbType = Int32), @p564='?' (DbType = DateTime), @p565='?' (DbType = Guid), @p566='?', @p567='?' (DbType = DateTime), @p568='?' (DbType = Guid), @p569='?', @p570='?', @p571='?', @p572='?' (DbType = Int32), @p573='?' (DbType = DateTime), @p574='?' (DbType = Guid), @p575='?', @p576='?' (DbType = DateTime), @p577='?' (DbType = Guid), @p578='?', @p579='?', @p580='?', @p581='?' (DbType = Int32), @p582='?' (DbType = DateTime), @p583='?' (DbType = Guid), @p584='?', @p585='?' (DbType = DateTime), @p586='?' (DbType = Guid), @p587='?', @p588='?', @p589='?', @p590='?' (DbType = Int32), @p591='?' (DbType = DateTime), @p592='?' (DbType = Guid), @p593='?', @p594='?' (DbType = DateTime), @p595='?' (DbType = Guid), @p596='?', @p597='?', @p598='?', @p599='?' (DbType = Int32), @p600='?' (DbType = DateTime), @p601='?' (DbType = Guid), @p602='?', @p603='?' (DbType = DateTime), @p604='?' (DbType = Guid), @p605='?', @p606='?', @p607='?', @p608='?' (DbType = Int32), @p609='?' (DbType = DateTime), @p610='?' (DbType = Guid), @p611='?', @p612='?' (DbType = DateTime), @p613='?' (DbType = Guid), @p614='?', @p615='?', @p616='?', @p617='?' (DbType = Int32), @p618='?' (DbType = DateTime), @p619='?' (DbType = Guid), @p620='?', @p621='?' (DbType = DateTime), @p622='?' (DbType = Guid), @p623='?', @p624='?', @p625='?', @p626='?' (DbType = Int32), @p627='?' (DbType = DateTime), @p628='?' (DbType = Guid), @p629='?', @p630='?' (DbType = DateTime), @p631='?' (DbType = Guid), @p632='?', @p633='?', @p634='?', @p635='?' (DbType = Int32), @p636='?' (DbType = DateTime), @p637='?' (DbType = Guid), @p638='?', @p639='?' (DbType = DateTime), @p640='?' (DbType = Guid), @p641='?', @p642='?', @p643='?', @p644='?' (DbType = Int32), @p645='?' (DbType = DateTime), @p646='?' (DbType = Guid), @p647='?', @p648='?' (DbType = DateTime), @p649='?' (DbType = Guid), @p650='?', @p651='?', @p652='?', @p653='?' (DbType = Int32), @p654='?' (DbType = DateTime), @p655='?' (DbType = Guid), @p656='?', @p657='?' (DbType = DateTime), @p658='?' (DbType = Guid), @p659='?', @p660='?', @p661='?', @p662='?' (DbType = Int32), @p663='?' (DbType = DateTime), @p664='?' (DbType = Guid), @p665='?', @p666='?' (DbType = DateTime), @p667='?' (DbType = Guid), @p668='?', @p669='?', @p670='?', @p671='?' (DbType = Int32), @p672='?' (DbType = DateTime), @p673='?' (DbType = Guid), @p674='?', @p675='?' (DbType = DateTime), @p676='?' (DbType = Guid), @p677='?', @p678='?', @p679='?', @p680='?' (DbType = Int32), @p681='?' (DbType = DateTime), @p682='?' (DbType = Guid), @p683='?', @p684='?' (DbType = DateTime), @p685='?' (DbType = Guid), @p686='?', @p687='?', @p688='?', @p689='?' (DbType = Int32), @p690='?' (DbType = DateTime), @p691='?' (DbType = Guid), @p692='?', @p693='?' (DbType = DateTime), @p694='?' (DbType = Guid), @p695='?', @p696='?', @p697='?', @p698='?' (DbType = Int32), @p699='?' (DbType = DateTime), @p700='?' (DbType = Guid), @p701='?', @p702='?' (DbType = DateTime), @p703='?' (DbType = Guid), @p704='?', @p705='?', @p706='?', @p707='?' (DbType = Int32), @p708='?' (DbType = DateTime), @p709='?' (DbType = Guid), @p710='?', @p711='?' (DbType = DateTime), @p712='?' (DbType = Guid), @p713='?', @p714='?', @p715='?', @p716='?' (DbType = Int32), @p717='?' (DbType = DateTime), @p718='?' (DbType = Guid), @p719='?', @p720='?' (DbType = DateTime), @p721='?' (DbType = Guid), @p722='?', @p723='?', @p724='?', @p725='?' (DbType = Int32), @p726='?' (DbType = DateTime), @p727='?' (DbType = Guid), @p728='?', @p729='?' (DbType = DateTime), @p730='?' (DbType = Guid), @p731='?', @p732='?', @p733='?', @p734='?' (DbType = Int32), @p735='?' (DbType = DateTime), @p736='?' (DbType = Guid), @p737='?', @p738='?' (DbType = DateTime), @p739='?' (DbType = Guid), @p740='?', @p741='?', @p742='?', @p743='?' (DbType = Int32), @p744='?' (DbType = DateTime), @p745='?' (DbType = Guid), @p746='?', @p747='?' (DbType = DateTime), @p748='?' (DbType = Guid), @p749='?', @p750='?', @p751='?', @p752='?' (DbType = Int32), @p753='?' (DbType = DateTime), @p754='?' (DbType = Guid), @p755='?', @p756='?' (DbType = DateTime), @p757='?' (DbType = Guid), @p758='?', @p759='?', @p760='?', @p761='?' (DbType = Int32), @p762='?' (DbType = DateTime), @p763='?' (DbType = Guid), @p764='?', @p765='?' (DbType = DateTime), @p766='?' (DbType = Guid), @p767='?', @p768='?', @p769='?', @p770='?' (DbType = Int32), @p771='?' (DbType = DateTime), @p772='?' (DbType = Guid), @p773='?', @p774='?' (DbType = DateTime), @p775='?' (DbType = Guid), @p776='?', @p777='?', @p778='?', @p779='?' (DbType = Int32), @p780='?' (DbType = DateTime), @p781='?' (DbType = Guid), @p782='?', @p783='?' (DbType = DateTime), @p784='?' (DbType = Guid), @p785='?', @p786='?', @p787='?', @p788='?' (DbType = Int32), @p789='?' (DbType = DateTime)], CommandType='Text', CommandTimeout='30']
      INSERT INTO "MotorcycleInspections" ("Id", "Brand", "ChassisNumber", "CompletedAt", "CosmeticNotes", "CreatedAt", "CustomerId", "CustomerName", "EngineNumber", "GeneralNotes", "InspectionNo", "Mileage", "MileageQuery", "Model", "PackagePrice", "PackageType", "Phone", "Plate", "Query5664", "Status", "TenantId", "TestRideNotes", "UpdatedAt", "VehicleId", "Year")
      VALUES (@p0, @p1, @p2, @p3, @p4, @p5, @p6, @p7, @p8, @p9, @p10, @p11, @p12, @p13, @p14, @p15, @p16, @p17, @p18, @p19, @p20, @p21, @p22, @p23, @p24);
      INSERT INTO "MotorcycleInspectionItems" ("Id", "Category", "CreatedAt", "MotorcycleInspectionId", "Name", "Notes", "Result", "SortOrder", "UpdatedAt")
      VALUES (@p25, @p26, @p27, @p28, @p29, @p30, @p31, @p32, @p33);
      INSERT INTO "MotorcycleInspectionItems" ("Id", "Category", "CreatedAt", "MotorcycleInspectionId", "Name", "Notes", "Result", "SortOrder", "UpdatedAt")
      VALUES (@p34, @p35, @p36, @p37, @p38, @p39, @p40, @p41, @p42);
      INSERT INTO "MotorcycleInspectionItems" ("Id", "Category", "CreatedAt", "MotorcycleInspectionId", "Name", "Notes", "Result", "SortOrder", "UpdatedAt")
      VALUES (@p43, @p44, @p45, @p46, @p47, @p48, @p49, @p50, @p51);
      INSERT INTO "MotorcycleInspectionItems" ("Id", "Category", "CreatedAt", "MotorcycleInspectionId", "Name", "Notes", "Result", "SortOrder", "UpdatedAt")
      VALUES (@p52, @p53, @p54, @p55, @p56, @p57, @p58, @p59, @p60);
      INSERT INTO "MotorcycleInspectionItems" ("Id", "Category", "CreatedAt", "MotorcycleInspectionId", "Name", "Notes", "Result", "SortOrder", "UpdatedAt")
      VALUES (@p61, @p62, @p63, @p64, @p65, @p66, @p67, @p68, @p69);
      INSERT INTO "MotorcycleInspectionItems" ("Id", "Category", "CreatedAt", "MotorcycleInspectionId", "Name", "Notes", "Result", "SortOrder", "UpdatedAt")
      VALUES (@p70, @p71, @p72, @p73, @p74, @p75, @p76, @p77, @p78);
      INSERT INTO "MotorcycleInspectionItems" ("Id", "Category", "CreatedAt", "MotorcycleInspectionId", "Name", "Notes", "Result", "SortOrder", "UpdatedAt")
      VALUES (@p79, @p80, @p81, @p82, @p83, @p84, @p85, @p86, @p87);
      INSERT INTO "MotorcycleInspectionItems" ("Id", "Category", "CreatedAt", "MotorcycleInspectionId", "Name", "Notes", "Result", "SortOrder", "UpdatedAt")
      VALUES (@p88, @p89, @p90, @p91, @p92, @p93, @p94, @p95, @p96);
      INSERT INTO "MotorcycleInspectionItems" ("Id", "Category", "CreatedAt", "MotorcycleInspectionId", "Name", "Notes", "Result", "SortOrder", "UpdatedAt")
      VALUES (@p97, @p98, @p99, @p100, @p101, @p102, @p103, @p104, @p105);
      INSERT INTO "MotorcycleInspectionItems" ("Id", "Category", "CreatedAt", "MotorcycleInspectionId", "Name", "Notes", "Result", "SortOrder", "UpdatedAt")
      VALUES (@p106, @p107, @p108, @p109, @p110, @p111, @p112, @p113, @p114);
      INSERT INTO "MotorcycleInspectionItems" ("Id", "Category", "CreatedAt", "MotorcycleInspectionId", "Name", "Notes", "Result", "SortOrder", "UpdatedAt")
      VALUES (@p115, @p116, @p117, @p118, @p119, @p120, @p121, @p122, @p123);
      INSERT INTO "MotorcycleInspectionItems" ("Id", "Category", "CreatedAt", "MotorcycleInspectionId", "Name", "Notes", "Result", "SortOrder", "UpdatedAt")
      VALUES (@p124, @p125, @p126, @p127, @p128, @p129, @p130, @p131, @p132);
      INSERT INTO "MotorcycleInspectionItems" ("Id", "Category", "CreatedAt", "MotorcycleInspectionId", "Name", "Notes", "Result", "SortOrder", "UpdatedAt")
      VALUES (@p133, @p134, @p135, @p136, @p137, @p138, @p139, @p140, @p141);
      INSERT INTO "MotorcycleInspectionItems" ("Id", "Category", "CreatedAt", "MotorcycleInspectionId", "Name", "Notes", "Result", "SortOrder", "UpdatedAt")
      VALUES (@p142, @p143, @p144, @p145, @p146, @p147, @p148, @p149, @p150);
      INSERT INTO "MotorcycleInspectionItems" ("Id", "Category", "CreatedAt", "MotorcycleInspectionId", "Name", "Notes", "Result", "SortOrder", "UpdatedAt")
      VALUES (@p151, @p152, @p153, @p154, @p155, @p156, @p157, @p158, @p159);
      INSERT INTO "MotorcycleInspectionItems" ("Id", "Category", "CreatedAt", "MotorcycleInspectionId", "Name", "Notes", "Result", "SortOrder", "UpdatedAt")
      VALUES (@p160, @p161, @p162, @p163, @p164, @p165, @p166, @p167, @p168);
      INSERT INTO "MotorcycleInspectionItems" ("Id", "Category", "CreatedAt", "MotorcycleInspectionId", "Name", "Notes", "Result", "SortOrder", "UpdatedAt")
      VALUES (@p169, @p170, @p171, @p172, @p173, @p174, @p175, @p176, @p177);
      INSERT INTO "MotorcycleInspectionItems" ("Id", "Category", "CreatedAt", "MotorcycleInspectionId", "Name", "Notes", "Result", "SortOrder", "UpdatedAt")
      VALUES (@p178, @p179, @p180, @p181, @p182, @p183, @p184, @p185, @p186);
      INSERT INTO "MotorcycleInspectionItems" ("Id", "Category", "CreatedAt", "MotorcycleInspectionId", "Name", "Notes", "Result", "SortOrder", "UpdatedAt")
      VALUES (@p187, @p188, @p189, @p190, @p191, @p192, @p193, @p194, @p195);
      INSERT INTO "MotorcycleInspectionItems" ("Id", "Category", "CreatedAt", "MotorcycleInspectionId", "Name", "Notes", "Result", "SortOrder", "UpdatedAt")
      VALUES (@p196, @p197, @p198, @p199, @p200, @p201, @p202, @p203, @p204);
      INSERT INTO "MotorcycleInspectionItems" ("Id", "Category", "CreatedAt", "MotorcycleInspectionId", "Name", "Notes", "Result", "SortOrder", "UpdatedAt")
      VALUES (@p205, @p206, @p207, @p208, @p209, @p210, @p211, @p212, @p213);
      INSERT INTO "MotorcycleInspectionItems" ("Id", "Category", "CreatedAt", "MotorcycleInspectionId", "Name", "Notes", "Result", "SortOrder", "UpdatedAt")
      VALUES (@p214, @p215, @p216, @p217, @p218, @p219, @p220, @p221, @p222);
      INSERT INTO "MotorcycleInspectionItems" ("Id", "Category", "CreatedAt", "MotorcycleInspectionId", "Name", "Notes", "Result", "SortOrder", "UpdatedAt")
      VALUES (@p223, @p224, @p225, @p226, @p227, @p228, @p229, @p230, @p231);
      INSERT INTO "MotorcycleInspectionItems" ("Id", "Category", "CreatedAt", "MotorcycleInspectionId", "Name", "Notes", "Result", "SortOrder", "UpdatedAt")
      VALUES (@p232, @p233, @p234, @p235, @p236, @p237, @p238, @p239, @p240);
      INSERT INTO "MotorcycleInspectionItems" ("Id", "Category", "CreatedAt", "MotorcycleInspectionId", "Name", "Notes", "Result", "SortOrder", "UpdatedAt")
      VALUES (@p241, @p242, @p243, @p244, @p245, @p246, @p247, @p248, @p249);
      INSERT INTO "MotorcycleInspectionItems" ("Id", "Category", "CreatedAt", "MotorcycleInspectionId", "Name", "Notes", "Result", "SortOrder", "UpdatedAt")
      VALUES (@p250, @p251, @p252, @p253, @p254, @p255, @p256, @p257, @p258);
      INSERT INTO "MotorcycleInspectionItems" ("Id", "Category", "CreatedAt", "MotorcycleInspectionId", "Name", "Notes", "Result", "SortOrder", "UpdatedAt")
      VALUES (@p259, @p260, @p261, @p262, @p263, @p264, @p265, @p266, @p267);
      INSERT INTO "MotorcycleInspectionItems" ("Id", "Category", "CreatedAt", "MotorcycleInspectionId", "Name", "Notes", "Result", "SortOrder", "UpdatedAt")
      VALUES (@p268, @p269, @p270, @p271, @p272, @p273, @p274, @p275, @p276);
      INSERT INTO "MotorcycleInspectionItems" ("Id", "Category", "CreatedAt", "MotorcycleInspectionId", "Name", "Notes", "Result", "SortOrder", "UpdatedAt")
      VALUES (@p277, @p278, @p279, @p280, @p281, @p282, @p283, @p284, @p285);
      INSERT INTO "MotorcycleInspectionItems" ("Id", "Category", "CreatedAt", "MotorcycleInspectionId", "Name", "Notes", "Result", "SortOrder", "UpdatedAt")
      VALUES (@p286, @p287, @p288, @p289, @p290, @p291, @p292, @p293, @p294);
      INSERT INTO "MotorcycleInspectionItems" ("Id", "Category", "CreatedAt", "MotorcycleInspectionId", "Name", "Notes", "Result", "SortOrder", "UpdatedAt")
      VALUES (@p295, @p296, @p297, @p298, @p299, @p300, @p301, @p302, @p303);
      INSERT INTO "MotorcycleInspectionItems" ("Id", "Category", "CreatedAt", "MotorcycleInspectionId", "Name", "Notes", "Result", "SortOrder", "UpdatedAt")
      VALUES (@p304, @p305, @p306, @p307, @p308, @p309, @p310, @p311, @p312);
      INSERT INTO "MotorcycleInspectionItems" ("Id", "Category", "CreatedAt", "MotorcycleInspectionId", "Name", "Notes", "Result", "SortOrder", "UpdatedAt")
      VALUES (@p313, @p314, @p315, @p316, @p317, @p318, @p319, @p320, @p321);
      INSERT INTO "MotorcycleInspectionItems" ("Id", "Category", "CreatedAt", "MotorcycleInspectionId", "Name", "Notes", "Result", "SortOrder", "UpdatedAt")
      VALUES (@p322, @p323, @p324, @p325, @p326, @p327, @p328, @p329, @p330);
      INSERT INTO "MotorcycleInspectionItems" ("Id", "Category", "CreatedAt", "MotorcycleInspectionId", "Name", "Notes", "Result", "SortOrder", "UpdatedAt")
      VALUES (@p331, @p332, @p333, @p334, @p335, @p336, @p337, @p338, @p339);
      INSERT INTO "MotorcycleInspectionItems" ("Id", "Category", "CreatedAt", "MotorcycleInspectionId", "Name", "Notes", "Result", "SortOrder", "UpdatedAt")
      VALUES (@p340, @p341, @p342, @p343, @p344, @p345, @p346, @p347, @p348);
      INSERT INTO "MotorcycleInspectionItems" ("Id", "Category", "CreatedAt", "MotorcycleInspectionId", "Name", "Notes", "Result", "SortOrder", "UpdatedAt")
      VALUES (@p349, @p350, @p351, @p352, @p353, @p354, @p355, @p356, @p357);
      INSERT INTO "MotorcycleInspectionItems" ("Id", "Category", "CreatedAt", "MotorcycleInspectionId", "Name", "Notes", "Result", "SortOrder", "UpdatedAt")
      VALUES (@p358, @p359, @p360, @p361, @p362, @p363, @p364, @p365, @p366);
      INSERT INTO "MotorcycleInspectionItems" ("Id", "Category", "CreatedAt", "MotorcycleInspectionId", "Name", "Notes", "Result", "SortOrder", "UpdatedAt")
      VALUES (@p367, @p368, @p369, @p370, @p371, @p372, @p373, @p374, @p375);
      INSERT INTO "MotorcycleInspectionItems" ("Id", "Category", "CreatedAt", "MotorcycleInspectionId", "Name", "Notes", "Result", "SortOrder", "UpdatedAt")
      VALUES (@p376, @p377, @p378, @p379, @p380, @p381, @p382, @p383, @p384);
      INSERT INTO "MotorcycleInspectionItems" ("Id", "Category", "CreatedAt", "MotorcycleInspectionId", "Name", "Notes", "Result", "SortOrder", "UpdatedAt")
      VALUES (@p385, @p386, @p387, @p388, @p389, @p390, @p391, @p392, @p393);
      INSERT INTO "MotorcycleInspectionItems" ("Id", "Category", "CreatedAt", "MotorcycleInspectionId", "Name", "Notes", "Result", "SortOrder", "UpdatedAt")
      VALUES (@p394, @p395, @p396, @p397, @p398, @p399, @p400, @p401, @p402);
      INSERT INTO "MotorcycleInspectionItems" ("Id", "Category", "CreatedAt", "MotorcycleInspectionId", "Name", "Notes", "Result", "SortOrder", "UpdatedAt")
      VALUES (@p403, @p404, @p405, @p406, @p407, @p408, @p409, @p410, @p411);
      INSERT INTO "MotorcycleInspectionItems" ("Id", "Category", "CreatedAt", "MotorcycleInspectionId", "Name", "Notes", "Result", "SortOrder", "UpdatedAt")
      VALUES (@p412, @p413, @p414, @p415, @p416, @p417, @p418, @p419, @p420);
      INSERT INTO "MotorcycleInspectionItems" ("Id", "Category", "CreatedAt", "MotorcycleInspectionId", "Name", "Notes", "Result", "SortOrder", "UpdatedAt")
      VALUES (@p421, @p422, @p423, @p424, @p425, @p426, @p427, @p428, @p429);
      INSERT INTO "MotorcycleInspectionItems" ("Id", "Category", "CreatedAt", "MotorcycleInspectionId", "Name", "Notes", "Result", "SortOrder", "UpdatedAt")
      VALUES (@p430, @p431, @p432, @p433, @p434, @p435, @p436, @p437, @p438);
      INSERT INTO "MotorcycleInspectionItems" ("Id", "Category", "CreatedAt", "MotorcycleInspectionId", "Name", "Notes", "Result", "SortOrder", "UpdatedAt")
      VALUES (@p439, @p440, @p441, @p442, @p443, @p444, @p445, @p446, @p447);
      INSERT INTO "MotorcycleInspectionItems" ("Id", "Category", "CreatedAt", "MotorcycleInspectionId", "Name", "Notes", "Result", "SortOrder", "UpdatedAt")
      VALUES (@p448, @p449, @p450, @p451, @p452, @p453, @p454, @p455, @p456);
      INSERT INTO "MotorcycleInspectionItems" ("Id", "Category", "CreatedAt", "MotorcycleInspectionId", "Name", "Notes", "Result", "SortOrder", "UpdatedAt")
      VALUES (@p457, @p458, @p459, @p460, @p461, @p462, @p463, @p464, @p465);
      INSERT INTO "MotorcycleInspectionItems" ("Id", "Category", "CreatedAt", "MotorcycleInspectionId", "Name", "Notes", "Result", "SortOrder", "UpdatedAt")
      VALUES (@p466, @p467, @p468, @p469, @p470, @p471, @p472, @p473, @p474);
      INSERT INTO "MotorcycleInspectionItems" ("Id", "Category", "CreatedAt", "MotorcycleInspectionId", "Name", "Notes", "Result", "SortOrder", "UpdatedAt")
      VALUES (@p475, @p476, @p477, @p478, @p479, @p480, @p481, @p482, @p483);
      INSERT INTO "MotorcycleInspectionItems" ("Id", "Category", "CreatedAt", "MotorcycleInspectionId", "Name", "Notes", "Result", "SortOrder", "UpdatedAt")
      VALUES (@p484, @p485, @p486, @p487, @p488, @p489, @p490, @p491, @p492);
      INSERT INTO "MotorcycleInspectionItems" ("Id", "Category", "CreatedAt", "MotorcycleInspectionId", "Name", "Notes", "Result", "SortOrder", "UpdatedAt")
      VALUES (@p493, @p494, @p495, @p496, @p497, @p498, @p499, @p500, @p501);
      INSERT INTO "MotorcycleInspectionItems" ("Id", "Category", "CreatedAt", "MotorcycleInspectionId", "Name", "Notes", "Result", "SortOrder", "UpdatedAt")
      VALUES (@p502, @p503, @p504, @p505, @p506, @p507, @p508, @p509, @p510);
      INSERT INTO "MotorcycleInspectionItems" ("Id", "Category", "CreatedAt", "MotorcycleInspectionId", "Name", "Notes", "Result", "SortOrder", "UpdatedAt")
      VALUES (@p511, @p512, @p513, @p514, @p515, @p516, @p517, @p518, @p519);
      INSERT INTO "MotorcycleInspectionItems" ("Id", "Category", "CreatedAt", "MotorcycleInspectionId", "Name", "Notes", "Result", "SortOrder", "UpdatedAt")
      VALUES (@p520, @p521, @p522, @p523, @p524, @p525, @p526, @p527, @p528);
      INSERT INTO "MotorcycleInspectionItems" ("Id", "Category", "CreatedAt", "MotorcycleInspectionId", "Name", "Notes", "Result", "SortOrder", "UpdatedAt")
      VALUES (@p529, @p530, @p531, @p532, @p533, @p534, @p535, @p536, @p537);
      INSERT INTO "MotorcycleInspectionItems" ("Id", "Category", "CreatedAt", "MotorcycleInspectionId", "Name", "Notes", "Result", "SortOrder", "UpdatedAt")
      VALUES (@p538, @p539, @p540, @p541, @p542, @p543, @p544, @p545, @p546);
      INSERT INTO "MotorcycleInspectionItems" ("Id", "Category", "CreatedAt", "MotorcycleInspectionId", "Name", "Notes", "Result", "SortOrder", "UpdatedAt")
      VALUES (@p547, @p548, @p549, @p550, @p551, @p552, @p553, @p554, @p555);
      INSERT INTO "MotorcycleInspectionItems" ("Id", "Category", "CreatedAt", "MotorcycleInspectionId", "Name", "Notes", "Result", "SortOrder", "UpdatedAt")
      VALUES (@p556, @p557, @p558, @p559, @p560, @p561, @p562, @p563, @p564);
      INSERT INTO "MotorcycleInspectionItems" ("Id", "Category", "CreatedAt", "MotorcycleInspectionId", "Name", "Notes", "Result", "SortOrder", "UpdatedAt")
      VALUES (@p565, @p566, @p567, @p568, @p569, @p570, @p571, @p572, @p573);
      INSERT INTO "MotorcycleInspectionItems" ("Id", "Category", "CreatedAt", "MotorcycleInspectionId", "Name", "Notes", "Result", "SortOrder", "UpdatedAt")
      VALUES (@p574, @p575, @p576, @p577, @p578, @p579, @p580, @p581, @p582);
      INSERT INTO "MotorcycleInspectionItems" ("Id", "Category", "CreatedAt", "MotorcycleInspectionId", "Name", "Notes", "Result", "SortOrder", "UpdatedAt")
      VALUES (@p583, @p584, @p585, @p586, @p587, @p588, @p589, @p590, @p591);
      INSERT INTO "MotorcycleInspectionItems" ("Id", "Category", "CreatedAt", "MotorcycleInspectionId", "Name", "Notes", "Result", "SortOrder", "UpdatedAt")
      VALUES (@p592, @p593, @p594, @p595, @p596, @p597, @p598, @p599, @p600);
      INSERT INTO "MotorcycleInspectionItems" ("Id", "Category", "CreatedAt", "MotorcycleInspectionId", "Name", "Notes", "Result", "SortOrder", "UpdatedAt")
      VALUES (@p601, @p602, @p603, @p604, @p605, @p606, @p607, @p608, @p609);
      INSERT INTO "MotorcycleInspectionItems" ("Id", "Category", "CreatedAt", "MotorcycleInspectionId", "Name", "Notes", "Result", "SortOrder", "UpdatedAt")
      VALUES (@p610, @p611, @p612, @p613, @p614, @p615, @p616, @p617, @p618);
      INSERT INTO "MotorcycleInspectionItems" ("Id", "Category", "CreatedAt", "MotorcycleInspectionId", "Name", "Notes", "Result", "SortOrder", "UpdatedAt")
      VALUES (@p619, @p620, @p621, @p622, @p623, @p624, @p625, @p626, @p627);
      INSERT INTO "MotorcycleInspectionItems" ("Id", "Category", "CreatedAt", "MotorcycleInspectionId", "Name", "Notes", "Result", "SortOrder", "UpdatedAt")
      VALUES (@p628, @p629, @p630, @p631, @p632, @p633, @p634, @p635, @p636);
      INSERT INTO "MotorcycleInspectionItems" ("Id", "Category", "CreatedAt", "MotorcycleInspectionId", "Name", "Notes", "Result", "SortOrder", "UpdatedAt")
      VALUES (@p637, @p638, @p639, @p640, @p641, @p642, @p643, @p644, @p645);
      INSERT INTO "MotorcycleInspectionItems" ("Id", "Category", "CreatedAt", "MotorcycleInspectionId", "Name", "Notes", "Result", "SortOrder", "UpdatedAt")
      VALUES (@p646, @p647, @p648, @p649, @p650, @p651, @p652, @p653, @p654);
      INSERT INTO "MotorcycleInspectionItems" ("Id", "Category", "CreatedAt", "MotorcycleInspectionId", "Name", "Notes", "Result", "SortOrder", "UpdatedAt")
      VALUES (@p655, @p656, @p657, @p658, @p659, @p660, @p661, @p662, @p663);
      INSERT INTO "MotorcycleInspectionItems" ("Id", "Category", "CreatedAt", "MotorcycleInspectionId", "Name", "Notes", "Result", "SortOrder", "UpdatedAt")
      VALUES (@p664, @p665, @p666, @p667, @p668, @p669, @p670, @p671, @p672);
      INSERT INTO "MotorcycleInspectionItems" ("Id", "Category", "CreatedAt", "MotorcycleInspectionId", "Name", "Notes", "Result", "SortOrder", "UpdatedAt")
      VALUES (@p673, @p674, @p675, @p676, @p677, @p678, @p679, @p680, @p681);
      INSERT INTO "MotorcycleInspectionItems" ("Id", "Category", "CreatedAt", "MotorcycleInspectionId", "Name", "Notes", "Result", "SortOrder", "UpdatedAt")
      VALUES (@p682, @p683, @p684, @p685, @p686, @p687, @p688, @p689, @p690);
      INSERT INTO "MotorcycleInspectionItems" ("Id", "Category", "CreatedAt", "MotorcycleInspectionId", "Name", "Notes", "Result", "SortOrder", "UpdatedAt")
      VALUES (@p691, @p692, @p693, @p694, @p695, @p696, @p697, @p698, @p699);
      INSERT INTO "MotorcycleInspectionItems" ("Id", "Category", "CreatedAt", "MotorcycleInspectionId", "Name", "Notes", "Result", "SortOrder", "UpdatedAt")
      VALUES (@p700, @p701, @p702, @p703, @p704, @p705, @p706, @p707, @p708);
      INSERT INTO "MotorcycleInspectionItems" ("Id", "Category", "CreatedAt", "MotorcycleInspectionId", "Name", "Notes", "Result", "SortOrder", "UpdatedAt")
      VALUES (@p709, @p710, @p711, @p712, @p713, @p714, @p715, @p716, @p717);
      INSERT INTO "MotorcycleInspectionItems" ("Id", "Category", "CreatedAt", "MotorcycleInspectionId", "Name", "Notes", "Result", "SortOrder", "UpdatedAt")
      VALUES (@p718, @p719, @p720, @p721, @p722, @p723, @p724, @p725, @p726);
      INSERT INTO "MotorcycleInspectionItems" ("Id", "Category", "CreatedAt", "MotorcycleInspectionId", "Name", "Notes", "Result", "SortOrder", "UpdatedAt")
      VALUES (@p727, @p728, @p729, @p730, @p731, @p732, @p733, @p734, @p735);
      INSERT INTO "MotorcycleInspectionItems" ("Id", "Category", "CreatedAt", "MotorcycleInspectionId", "Name", "Notes", "Result", "SortOrder", "UpdatedAt")
      VALUES (@p736, @p737, @p738, @p739, @p740, @p741, @p742, @p743, @p744);
      INSERT INTO "MotorcycleInspectionItems" ("Id", "Category", "CreatedAt", "MotorcycleInspectionId", "Name", "Notes", "Result", "SortOrder", "UpdatedAt")
      VALUES (@p745, @p746, @p747, @p748, @p749, @p750, @p751, @p752, @p753);
      INSERT INTO "MotorcycleInspectionItems" ("Id", "Category", "CreatedAt", "MotorcycleInspectionId", "Name", "Notes", "Result", "SortOrder", "UpdatedAt")
      VALUES (@p754, @p755, @p756, @p757, @p758, @p759, @p760, @p761, @p762);
      INSERT INTO "MotorcycleInspectionItems" ("Id", "Category", "CreatedAt", "MotorcycleInspectionId", "Name", "Notes", "Result", "SortOrder", "UpdatedAt")
      VALUES (@p763, @p764, @p765, @p766, @p767, @p768, @p769, @p770, @p771);
      INSERT INTO "MotorcycleInspectionItems" ("Id", "Category", "CreatedAt", "MotorcycleInspectionId", "Name", "Notes", "Result", "SortOrder", "UpdatedAt")
      VALUES (@p772, @p773, @p774, @p775, @p776, @p777, @p778, @p779, @p780);
      INSERT INTO "MotorcycleInspectionItems" ("Id", "Category", "CreatedAt", "MotorcycleInspectionId", "Name", "Notes", "Result", "SortOrder", "UpdatedAt")
      VALUES (@p781, @p782, @p783, @p784, @p785, @p786, @p787, @p788, @p789);
info: Microsoft.EntityFrameworkCore.Database.Command[20101]
      Executed DbCommand (4ms) [Parameters=[@__ef_filter__CurrentTenantId_0='?', @__id_0='?' (DbType = Guid), @__tenantId_1='?'], CommandType='Text', CommandTimeout='30']
      SELECT m."Id", m."Brand", m."ChassisNumber", m."CompletedAt", m."CosmeticNotes", m."CreatedAt", m."CustomerId", m."CustomerName", m."EngineNumber", m."GeneralNotes", m."InspectionNo", m."Mileage", m."MileageQuery", m."Model", m."PackagePrice", m."PackageType", m."Phone", m."Plate", m."Query5664", m."Status", m."TenantId", m."TestRideNotes", m."UpdatedAt", m."VehicleId", m."Year"
      FROM "MotorcycleInspections" AS m
      WHERE m."TenantId" = @__ef_filter__CurrentTenantId_0 AND m."Id" = @__id_0 AND m."TenantId" = @__tenantId_1
      ORDER BY m."Id"
      LIMIT 1
info: Microsoft.EntityFrameworkCore.Database.Command[20101]
      Executed DbCommand (6ms) [Parameters=[@__ef_filter__CurrentTenantId_0='?', @__id_0='?' (DbType = Guid), @__tenantId_1='?'], CommandType='Text', CommandTimeout='30']
      SELECT m0."Id", m0."Category", m0."CreatedAt", m0."MotorcycleInspectionId", m0."Name", m0."Notes", m0."Result", m0."SortOrder", m0."UpdatedAt", t."Id"
      FROM (
          SELECT m."Id"
          FROM "MotorcycleInspections" AS m
          WHERE m."TenantId" = @__ef_filter__CurrentTenantId_0 AND m."Id" = @__id_0 AND m."TenantId" = @__tenantId_1
          LIMIT 1
      ) AS t
      INNER JOIN "MotorcycleInspectionItems" AS m0 ON t."Id" = m0."MotorcycleInspectionId"
      ORDER BY t."Id"
info: Microsoft.EntityFrameworkCore.Database.Command[20101]
      Executed DbCommand (3ms) [Parameters=[@__id_0='?' (DbType = Guid)], CommandType='Text', CommandTimeout='30']
      SELECT t."Id", t."CreatedAt", t."Identifier", t."IsActive", t."Name", t."UpdatedAt"
      FROM "Tenants" AS t
      WHERE t."Id" = @__id_0
      LIMIT 1
info: Microsoft.EntityFrameworkCore.Database.Command[20101]
      Executed DbCommand (3ms) [Parameters=[@__id_0='?' (DbType = Guid), @__tenantId_1='?'], CommandType='Text', CommandTimeout='30']
      SELECT u."Id", u."CreatedAt", u."Email", u."FullName", u."IsActive", u."LastLoginAt", u."PasswordHash", u."Role", u."TenantId", u."UpdatedAt"
      FROM "Users" AS u
      WHERE u."Id" = @__id_0 AND u."TenantId" = @__tenantId_1
      LIMIT 1
info: Microsoft.EntityFrameworkCore.Database.Command[20101]
      Executed DbCommand (2ms) [Parameters=[@__ef_filter__CurrentTenantId_0='?', @__id_0='?' (DbType = Guid), @__tenantId_1='?'], CommandType='Text', CommandTimeout='30']
      SELECT m."Id", m."Brand", m."ChassisNumber", m."CompletedAt", m."CosmeticNotes", m."CreatedAt", m."CustomerId", m."CustomerName", m."EngineNumber", m."GeneralNotes", m."InspectionNo", m."Mileage", m."MileageQuery", m."Model", m."PackagePrice", m."PackageType", m."Phone", m."Plate", m."Query5664", m."Status", m."TenantId", m."TestRideNotes", m."UpdatedAt", m."VehicleId", m."Year"
      FROM "MotorcycleInspections" AS m
      WHERE m."TenantId" = @__ef_filter__CurrentTenantId_0 AND m."Id" = @__id_0 AND m."TenantId" = @__tenantId_1
      ORDER BY m."Id"
      LIMIT 1
info: Microsoft.EntityFrameworkCore.Database.Command[20101]
      Executed DbCommand (3ms) [Parameters=[@__ef_filter__CurrentTenantId_0='?', @__id_0='?' (DbType = Guid), @__tenantId_1='?'], CommandType='Text', CommandTimeout='30']
      SELECT m0."Id", m0."Category", m0."CreatedAt", m0."MotorcycleInspectionId", m0."Name", m0."Notes", m0."Result", m0."SortOrder", m0."UpdatedAt", t."Id"
      FROM (
          SELECT m."Id"
          FROM "MotorcycleInspections" AS m
          WHERE m."TenantId" = @__ef_filter__CurrentTenantId_0 AND m."Id" = @__id_0 AND m."TenantId" = @__tenantId_1
          LIMIT 1
      ) AS t
      INNER JOIN "MotorcycleInspectionItems" AS m0 ON t."Id" = m0."MotorcycleInspectionId"
      ORDER BY t."Id"
info: Microsoft.EntityFrameworkCore.Database.Command[20101]
      Executed DbCommand (2ms) [Parameters=[@__id_0='?' (DbType = Guid)], CommandType='Text', CommandTimeout='30']
      SELECT t."Id", t."CreatedAt", t."Identifier", t."IsActive", t."Name", t."UpdatedAt"
      FROM "Tenants" AS t
      WHERE t."Id" = @__id_0
      LIMIT 1
info: Microsoft.EntityFrameworkCore.Database.Command[20101]
      Executed DbCommand (2ms) [Parameters=[@__id_0='?' (DbType = Guid), @__tenantId_1='?'], CommandType='Text', CommandTimeout='30']
      SELECT u."Id", u."CreatedAt", u."Email", u."FullName", u."IsActive", u."LastLoginAt", u."PasswordHash", u."Role", u."TenantId", u."UpdatedAt"
      FROM "Users" AS u
      WHERE u."Id" = @__id_0 AND u."TenantId" = @__tenantId_1
      LIMIT 1
info: Microsoft.EntityFrameworkCore.Database.Command[20101]
      Executed DbCommand (2ms) [Parameters=[@__ef_filter__CurrentTenantId_0='?', @__id_0='?' (DbType = Guid), @__tenantId_1='?'], CommandType='Text', CommandTimeout='30']
      SELECT m."Id", m."Brand", m."ChassisNumber", m."CompletedAt", m."CosmeticNotes", m."CreatedAt", m."CustomerId", m."CustomerName", m."EngineNumber", m."GeneralNotes", m."InspectionNo", m."Mileage", m."MileageQuery", m."Model", m."PackagePrice", m."PackageType", m."Phone", m."Plate", m."Query5664", m."Status", m."TenantId", m."TestRideNotes", m."UpdatedAt", m."VehicleId", m."Year"
      FROM "MotorcycleInspections" AS m
      WHERE m."TenantId" = @__ef_filter__CurrentTenantId_0 AND m."Id" = @__id_0 AND m."TenantId" = @__tenantId_1
      ORDER BY m."Id"
      LIMIT 1
info: Microsoft.EntityFrameworkCore.Database.Command[20101]
      Executed DbCommand (2ms) [Parameters=[@__ef_filter__CurrentTenantId_0='?', @__id_0='?' (DbType = Guid), @__tenantId_1='?'], CommandType='Text', CommandTimeout='30']
      SELECT m0."Id", m0."Category", m0."CreatedAt", m0."MotorcycleInspectionId", m0."Name", m0."Notes", m0."Result", m0."SortOrder", m0."UpdatedAt", t."Id"
      FROM (
          SELECT m."Id"
          FROM "MotorcycleInspections" AS m
          WHERE m."TenantId" = @__ef_filter__CurrentTenantId_0 AND m."Id" = @__id_0 AND m."TenantId" = @__tenantId_1
          LIMIT 1
      ) AS t
      INNER JOIN "MotorcycleInspectionItems" AS m0 ON t."Id" = m0."MotorcycleInspectionId"
      ORDER BY t."Id"
info: Microsoft.EntityFrameworkCore.Database.Command[20101]
      Executed DbCommand (6ms) [Parameters=[@p3='?' (DbType = Guid), @p0='?', @p1='?', @p2='?' (DbType = DateTime), @p28='?' (DbType = Guid), @p4='?', @p5='?', @p6='?' (DbType = DateTime), @p7='?', @p8='?' (DbType = DateTime), @p9='?' (DbType = Guid), @p10='?', @p11='?', @p12='?', @p13='?', @p14='?' (DbType = Int32), @p15='?', @p16='?', @p17='?' (DbType = Decimal), @p18='?', @p19='?', @p20='?', @p21='?', @p22='?', @p23='?', @p24='?', @p25='?' (DbType = DateTime), @p26='?' (DbType = Guid), @p27='?' (DbType = Int32)], CommandType='Text', CommandTimeout='30']
      UPDATE "MotorcycleInspectionItems" SET "Notes" = @p0, "Result" = @p1, "UpdatedAt" = @p2
      WHERE "Id" = @p3;
      UPDATE "MotorcycleInspections" SET "Brand" = @p4, "ChassisNumber" = @p5, "CompletedAt" = @p6, "CosmeticNotes" = @p7, "CreatedAt" = @p8, "CustomerId" = @p9, "CustomerName" = @p10, "EngineNumber" = @p11, "GeneralNotes" = @p12, "InspectionNo" = @p13, "Mileage" = @p14, "MileageQuery" = @p15, "Model" = @p16, "PackagePrice" = @p17, "PackageType" = @p18, "Phone" = @p19, "Plate" = @p20, "Query5664" = @p21, "Status" = @p22, "TenantId" = @p23, "TestRideNotes" = @p24, "UpdatedAt" = @p25, "VehicleId" = @p26, "Year" = @p27
      WHERE "Id" = @p28;
info: Microsoft.EntityFrameworkCore.Database.Command[20101]
      Executed DbCommand (4ms) [Parameters=[@__id_0='?' (DbType = Guid)], CommandType='Text', CommandTimeout='30']
      SELECT t."Id", t."CreatedAt", t."Identifier", t."IsActive", t."Name", t."UpdatedAt"
      FROM "Tenants" AS t
      WHERE t."Id" = @__id_0
      LIMIT 1
info: Microsoft.EntityFrameworkCore.Database.Command[20101]
      Executed DbCommand (2ms) [Parameters=[@__id_0='?' (DbType = Guid), @__tenantId_1='?'], CommandType='Text', CommandTimeout='30']
      SELECT u."Id", u."CreatedAt", u."Email", u."FullName", u."IsActive", u."LastLoginAt", u."PasswordHash", u."Role", u."TenantId", u."UpdatedAt"
      FROM "Users" AS u
      WHERE u."Id" = @__id_0 AND u."TenantId" = @__tenantId_1
      LIMIT 1
info: Microsoft.EntityFrameworkCore.Database.Command[20101]
      Executed DbCommand (2ms) [Parameters=[@__ef_filter__CurrentTenantId_0='?', @__id_0='?' (DbType = Guid), @__tenantId_1='?'], CommandType='Text', CommandTimeout='30']
      SELECT m."Id", m."Brand", m."ChassisNumber", m."CompletedAt", m."CosmeticNotes", m."CreatedAt", m."CustomerId", m."CustomerName", m."EngineNumber", m."GeneralNotes", m."InspectionNo", m."Mileage", m."MileageQuery", m."Model", m."PackagePrice", m."PackageType", m."Phone", m."Plate", m."Query5664", m."Status", m."TenantId", m."TestRideNotes", m."UpdatedAt", m."VehicleId", m."Year"
      FROM "MotorcycleInspections" AS m
      WHERE m."TenantId" = @__ef_filter__CurrentTenantId_0 AND m."Id" = @__id_0 AND m."TenantId" = @__tenantId_1
      ORDER BY m."Id"
      LIMIT 1
info: Microsoft.EntityFrameworkCore.Database.Command[20101]
      Executed DbCommand (2ms) [Parameters=[@__ef_filter__CurrentTenantId_0='?', @__id_0='?' (DbType = Guid), @__tenantId_1='?'], CommandType='Text', CommandTimeout='30']
      SELECT m0."Id", m0."Category", m0."CreatedAt", m0."MotorcycleInspectionId", m0."Name", m0."Notes", m0."Result", m0."SortOrder", m0."UpdatedAt", t."Id"
      FROM (
          SELECT m."Id"
          FROM "MotorcycleInspections" AS m
          WHERE m."TenantId" = @__ef_filter__CurrentTenantId_0 AND m."Id" = @__id_0 AND m."TenantId" = @__tenantId_1
          LIMIT 1
      ) AS t
      INNER JOIN "MotorcycleInspectionItems" AS m0 ON t."Id" = m0."MotorcycleInspectionId"
      ORDER BY t."Id"
info: Microsoft.EntityFrameworkCore.Database.Command[20101]
      Executed DbCommand (2ms) [Parameters=[@p3='?' (DbType = Guid), @p0='?', @p1='?', @p2='?' (DbType = DateTime), @p28='?' (DbType = Guid), @p4='?', @p5='?', @p6='?' (DbType = DateTime), @p7='?', @p8='?' (DbType = DateTime), @p9='?' (DbType = Guid), @p10='?', @p11='?', @p12='?', @p13='?', @p14='?' (DbType = Int32), @p15='?', @p16='?', @p17='?' (DbType = Decimal), @p18='?', @p19='?', @p20='?', @p21='?', @p22='?', @p23='?', @p24='?', @p25='?' (DbType = DateTime), @p26='?' (DbType = Guid), @p27='?' (DbType = Int32)], CommandType='Text', CommandTimeout='30']
      UPDATE "MotorcycleInspectionItems" SET "Notes" = @p0, "Result" = @p1, "UpdatedAt" = @p2
      WHERE "Id" = @p3;
      UPDATE "MotorcycleInspections" SET "Brand" = @p4, "ChassisNumber" = @p5, "CompletedAt" = @p6, "CosmeticNotes" = @p7, "CreatedAt" = @p8, "CustomerId" = @p9, "CustomerName" = @p10, "EngineNumber" = @p11, "GeneralNotes" = @p12, "InspectionNo" = @p13, "Mileage" = @p14, "MileageQuery" = @p15, "Model" = @p16, "PackagePrice" = @p17, "PackageType" = @p18, "Phone" = @p19, "Plate" = @p20, "Query5664" = @p21, "Status" = @p22, "TenantId" = @p23, "TestRideNotes" = @p24, "UpdatedAt" = @p25, "VehicleId" = @p26, "Year" = @p27
      WHERE "Id" = @p28;
info: Microsoft.EntityFrameworkCore.Database.Command[20101]
      Executed DbCommand (2ms) [Parameters=[@__id_0='?' (DbType = Guid)], CommandType='Text', CommandTimeout='30']
      SELECT t."Id", t."CreatedAt", t."Identifier", t."IsActive", t."Name", t."UpdatedAt"
      FROM "Tenants" AS t
      WHERE t."Id" = @__id_0
      LIMIT 1
info: Microsoft.EntityFrameworkCore.Database.Command[20101]
      Executed DbCommand (2ms) [Parameters=[@__id_0='?' (DbType = Guid), @__tenantId_1='?'], CommandType='Text', CommandTimeout='30']
      SELECT u."Id", u."CreatedAt", u."Email", u."FullName", u."IsActive", u."LastLoginAt", u."PasswordHash", u."Role", u."TenantId", u."UpdatedAt"
      FROM "Users" AS u
      WHERE u."Id" = @__id_0 AND u."TenantId" = @__tenantId_1
      LIMIT 1
info: Microsoft.EntityFrameworkCore.Database.Command[20101]
      Executed DbCommand (14ms) [Parameters=[@__ef_filter__CurrentTenantId_0='?', @__id_0='?' (DbType = Guid), @__tenantId_1='?'], CommandType='Text', CommandTimeout='30']
      SELECT m."Id", m."Brand", m."ChassisNumber", m."CompletedAt", m."CosmeticNotes", m."CreatedAt", m."CustomerId", m."CustomerName", m."EngineNumber", m."GeneralNotes", m."InspectionNo", m."Mileage", m."MileageQuery", m."Model", m."PackagePrice", m."PackageType", m."Phone", m."Plate", m."Query5664", m."Status", m."TenantId", m."TestRideNotes", m."UpdatedAt", m."VehicleId", m."Year"
      FROM "MotorcycleInspections" AS m
      WHERE m."TenantId" = @__ef_filter__CurrentTenantId_0 AND m."Id" = @__id_0 AND m."TenantId" = @__tenantId_1
      ORDER BY m."Id"
      LIMIT 1
info: Microsoft.EntityFrameworkCore.Database.Command[20101]
      Executed DbCommand (3ms) [Parameters=[@__ef_filter__CurrentTenantId_0='?', @__id_0='?' (DbType = Guid), @__tenantId_1='?'], CommandType='Text', CommandTimeout='30']
      SELECT m0."Id", m0."Category", m0."CreatedAt", m0."MotorcycleInspectionId", m0."Name", m0."Notes", m0."Result", m0."SortOrder", m0."UpdatedAt", t."Id"
      FROM (
          SELECT m."Id"
          FROM "MotorcycleInspections" AS m
          WHERE m."TenantId" = @__ef_filter__CurrentTenantId_0 AND m."Id" = @__id_0 AND m."TenantId" = @__tenantId_1
          LIMIT 1
      ) AS t
      INNER JOIN "MotorcycleInspectionItems" AS m0 ON t."Id" = m0."MotorcycleInspectionId"
      ORDER BY t."Id"
info: Microsoft.EntityFrameworkCore.Database.Command[20101]
      Executed DbCommand (4ms) [Parameters=[@p3='?' (DbType = Guid), @p0='?', @p1='?', @p2='?' (DbType = DateTime), @p28='?' (DbType = Guid), @p4='?', @p5='?', @p6='?' (DbType = DateTime), @p7='?', @p8='?' (DbType = DateTime), @p9='?' (DbType = Guid), @p10='?', @p11='?', @p12='?', @p13='?', @p14='?' (DbType = Int32), @p15='?', @p16='?', @p17='?' (DbType = Decimal), @p18='?', @p19='?', @p20='?', @p21='?', @p22='?', @p23='?', @p24='?', @p25='?' (DbType = DateTime), @p26='?' (DbType = Guid), @p27='?' (DbType = Int32)], CommandType='Text', CommandTimeout='30']
      UPDATE "MotorcycleInspectionItems" SET "Notes" = @p0, "Result" = @p1, "UpdatedAt" = @p2
      WHERE "Id" = @p3;
      UPDATE "MotorcycleInspections" SET "Brand" = @p4, "ChassisNumber" = @p5, "CompletedAt" = @p6, "CosmeticNotes" = @p7, "CreatedAt" = @p8, "CustomerId" = @p9, "CustomerName" = @p10, "EngineNumber" = @p11, "GeneralNotes" = @p12, "InspectionNo" = @p13, "Mileage" = @p14, "MileageQuery" = @p15, "Model" = @p16, "PackagePrice" = @p17, "PackageType" = @p18, "Phone" = @p19, "Plate" = @p20, "Query5664" = @p21, "Status" = @p22, "TenantId" = @p23, "TestRideNotes" = @p24, "UpdatedAt" = @p25, "VehicleId" = @p26, "Year" = @p27
      WHERE "Id" = @p28;
info: Microsoft.EntityFrameworkCore.Database.Command[20101]
      Executed DbCommand (2ms) [Parameters=[@__id_0='?' (DbType = Guid)], CommandType='Text', CommandTimeout='30']
      SELECT t."Id", t."CreatedAt", t."Identifier", t."IsActive", t."Name", t."UpdatedAt"
      FROM "Tenants" AS t
      WHERE t."Id" = @__id_0
      LIMIT 1
info: Microsoft.EntityFrameworkCore.Database.Command[20101]
      Executed DbCommand (3ms) [Parameters=[@__id_0='?' (DbType = Guid), @__tenantId_1='?'], CommandType='Text', CommandTimeout='30']
      SELECT u."Id", u."CreatedAt", u."Email", u."FullName", u."IsActive", u."LastLoginAt", u."PasswordHash", u."Role", u."TenantId", u."UpdatedAt"
      FROM "Users" AS u
      WHERE u."Id" = @__id_0 AND u."TenantId" = @__tenantId_1
      LIMIT 1
info: Microsoft.EntityFrameworkCore.Database.Command[20101]
      Executed DbCommand (4ms) [Parameters=[@__ef_filter__CurrentTenantId_0='?', @__id_0='?' (DbType = Guid), @__tenantId_1='?'], CommandType='Text', CommandTimeout='30']
      SELECT m."Id", m."Brand", m."ChassisNumber", m."CompletedAt", m."CosmeticNotes", m."CreatedAt", m."CustomerId", m."CustomerName", m."EngineNumber", m."GeneralNotes", m."InspectionNo", m."Mileage", m."MileageQuery", m."Model", m."PackagePrice", m."PackageType", m."Phone", m."Plate", m."Query5664", m."Status", m."TenantId", m."TestRideNotes", m."UpdatedAt", m."VehicleId", m."Year"
      FROM "MotorcycleInspections" AS m
      WHERE m."TenantId" = @__ef_filter__CurrentTenantId_0 AND m."Id" = @__id_0 AND m."TenantId" = @__tenantId_1
      ORDER BY m."Id"
      LIMIT 1
info: Microsoft.EntityFrameworkCore.Database.Command[20101]
      Executed DbCommand (2ms) [Parameters=[@__ef_filter__CurrentTenantId_0='?', @__id_0='?' (DbType = Guid), @__tenantId_1='?'], CommandType='Text', CommandTimeout='30']
      SELECT m0."Id", m0."Category", m0."CreatedAt", m0."MotorcycleInspectionId", m0."Name", m0."Notes", m0."Result", m0."SortOrder", m0."UpdatedAt", t."Id"
      FROM (
          SELECT m."Id"
          FROM "MotorcycleInspections" AS m
          WHERE m."TenantId" = @__ef_filter__CurrentTenantId_0 AND m."Id" = @__id_0 AND m."TenantId" = @__tenantId_1
          LIMIT 1
      ) AS t
      INNER JOIN "MotorcycleInspectionItems" AS m0 ON t."Id" = m0."MotorcycleInspectionId"
      ORDER BY t."Id"
