info: Microsoft.Hosting.Lifetime[14]
      Now listening on: http://localhost:5099
info: Microsoft.Hosting.Lifetime[0]
      Application started. Press Ctrl+C to shut down.
info: Microsoft.Hosting.Lifetime[0]
      Hosting environment: Development
info: Microsoft.Hosting.Lifetime[0]
      Content root path: C:\Users\yigit\Desktop\MotorCare\src\MotorCare.Api
warn: Microsoft.AspNetCore.HttpsPolicy.HttpsRedirectionMiddleware[3]
      Failed to determine the https port for redirect.
warn: LuckyPennySoftware.MediatR.License[0]
      You do not have a valid license key for the Lucky Penny software MediatR. This is allowed for development and testing scenarios. If you are running in production you are required to have a licensed version. Please visit https://luckypennysoftware.com to obtain a valid license.
info: Microsoft.EntityFrameworkCore.Database.Command[20101]
      Executed DbCommand (30ms) [Parameters=[@__identifier_0='?'], CommandType='Text', CommandTimeout='30']
      SELECT t."Id", t."CreatedAt", t."Identifier", t."IsActive", t."Name", t."UpdatedAt"
      FROM "Tenants" AS t
      WHERE t."Identifier" = @__identifier_0
      LIMIT 1
info: Microsoft.EntityFrameworkCore.Database.Command[20101]
      Executed DbCommand (3ms) [Parameters=[@__tenantId_0='?', @__normalizedEmail_1='?'], CommandType='Text', CommandTimeout='30']
      SELECT u."Id", u."CreatedAt", u."Email", u."FullName", u."IsActive", u."LastLoginAt", u."PasswordHash", u."Role", u."TenantId", u."UpdatedAt"
      FROM "Users" AS u
      WHERE u."TenantId" = @__tenantId_0 AND u."Email" = @__normalizedEmail_1
      LIMIT 1
info: Microsoft.EntityFrameworkCore.Database.Command[20101]
      Executed DbCommand (7ms) [Parameters=[@p0='?' (DbType = Guid), @p1='?' (DbType = DateTime), @p2='?', @p3='?' (DbType = Boolean), @p4='?', @p5='?' (DbType = DateTime), @p6='?' (DbType = Guid), @p7='?' (DbType = DateTime), @p8='?', @p9='?', @p10='?' (DbType = Boolean), @p11='?' (DbType = DateTime), @p12='?', @p13='?', @p14='?', @p15='?' (DbType = DateTime)], CommandType='Text', CommandTimeout='30']
      INSERT INTO "Tenants" ("Id", "CreatedAt", "Identifier", "IsActive", "Name", "UpdatedAt")
      VALUES (@p0, @p1, @p2, @p3, @p4, @p5);
      INSERT INTO "Users" ("Id", "CreatedAt", "Email", "FullName", "IsActive", "LastLoginAt", "PasswordHash", "Role", "TenantId", "UpdatedAt")
      VALUES (@p6, @p7, @p8, @p9, @p10, @p11, @p12, @p13, @p14, @p15);
info: Microsoft.EntityFrameworkCore.Database.Command[20101]
      Executed DbCommand (2ms) [Parameters=[@__identifier_0='?'], CommandType='Text', CommandTimeout='30']
      SELECT t."Id", t."CreatedAt", t."Identifier", t."IsActive", t."Name", t."UpdatedAt"
      FROM "Tenants" AS t
      WHERE t."Identifier" = @__identifier_0
      LIMIT 1
info: Microsoft.EntityFrameworkCore.Database.Command[20101]
      Executed DbCommand (1ms) [Parameters=[@__tenantId_0='?', @__normalizedEmail_1='?'], CommandType='Text', CommandTimeout='30']
      SELECT u."Id", u."CreatedAt", u."Email", u."FullName", u."IsActive", u."LastLoginAt", u."PasswordHash", u."Role", u."TenantId", u."UpdatedAt"
      FROM "Users" AS u
      WHERE u."TenantId" = @__tenantId_0 AND u."Email" = @__normalizedEmail_1
      LIMIT 1
info: Microsoft.EntityFrameworkCore.Database.Command[20101]
      Executed DbCommand (3ms) [Parameters=[@p0='?' (DbType = Guid), @p1='?' (DbType = DateTime), @p2='?' (DbType = DateTime), @p3='?' (DbType = DateTime), @p4='?', @p5='?' (DbType = DateTime), @p6='?' (DbType = Guid), @p9='?' (DbType = Guid), @p7='?' (DbType = DateTime), @p8='?' (DbType = DateTime)], CommandType='Text', CommandTimeout='30']
      INSERT INTO "UserRefreshTokens" ("Id", "CreatedAt", "ExpiresAt", "RevokedAt", "TokenHash", "UpdatedAt", "UserId")
      VALUES (@p0, @p1, @p2, @p3, @p4, @p5, @p6);
      UPDATE "Users" SET "LastLoginAt" = @p7, "UpdatedAt" = @p8
      WHERE "Id" = @p9;
info: Microsoft.EntityFrameworkCore.Database.Command[20101]
      Executed DbCommand (2ms) [Parameters=[@__id_0='?' (DbType = Guid)], CommandType='Text', CommandTimeout='30']
      SELECT t."Id", t."CreatedAt", t."Identifier", t."IsActive", t."Name", t."UpdatedAt"
      FROM "Tenants" AS t
      WHERE t."Id" = @__id_0
      LIMIT 1
info: Microsoft.EntityFrameworkCore.Database.Command[20101]
      Executed DbCommand (1ms) [Parameters=[@__id_0='?' (DbType = Guid), @__tenantId_1='?'], CommandType='Text', CommandTimeout='30']
      SELECT u."Id", u."CreatedAt", u."Email", u."FullName", u."IsActive", u."LastLoginAt", u."PasswordHash", u."Role", u."TenantId", u."UpdatedAt"
      FROM "Users" AS u
      WHERE u."Id" = @__id_0 AND u."TenantId" = @__tenantId_1
      LIMIT 1
info: Microsoft.EntityFrameworkCore.Database.Command[20101]
      Executed DbCommand (3ms) [Parameters=[@__ef_filter__CurrentTenantId_0='?', @__tenantId_0='?', @__normalized_1='?'], CommandType='Text', CommandTimeout='30']
      SELECT i."Id", i."Barcode", i."Brand", i."Category", i."CreatedAt", i."IsActive", i."MinimumStockLevel", i."Name", i."Sku", i."StockQuantity", i."TenantId", i."Unit", i."UnitPrice", i."UpdatedAt"
      FROM "InventoryItems" AS i
      WHERE i."TenantId" = @__ef_filter__CurrentTenantId_0 AND i."TenantId" = @__tenantId_0 AND lower(i."Name") = @__normalized_1
      LIMIT 1
info: Microsoft.EntityFrameworkCore.Database.Command[20101]
      Executed DbCommand (1ms) [Parameters=[@__ef_filter__CurrentTenantId_0='?', @__tenantId_0='?', @__normalized_1='?'], CommandType='Text', CommandTimeout='30']
      SELECT i."Id", i."Barcode", i."Brand", i."Category", i."CreatedAt", i."IsActive", i."MinimumStockLevel", i."Name", i."Sku", i."StockQuantity", i."TenantId", i."Unit", i."UnitPrice", i."UpdatedAt"
      FROM "InventoryItems" AS i
      WHERE i."TenantId" = @__ef_filter__CurrentTenantId_0 AND i."TenantId" = @__tenantId_0 AND i."Sku" IS NOT NULL AND lower(i."Sku") = @__normalized_1
      LIMIT 1
info: Microsoft.EntityFrameworkCore.Database.Command[20101]
      Executed DbCommand (7ms) [Parameters=[@p0='?' (DbType = Guid), @p1='?', @p2='?', @p3='?', @p4='?' (DbType = DateTime), @p5='?' (DbType = Boolean), @p6='?' (DbType = Decimal), @p7='?', @p8='?', @p9='?' (DbType = Decimal), @p10='?', @p11='?', @p12='?' (DbType = Decimal), @p13='?' (DbType = DateTime)], CommandType='Text', CommandTimeout='30']
      INSERT INTO "InventoryItems" ("Id", "Barcode", "Brand", "Category", "CreatedAt", "IsActive", "MinimumStockLevel", "Name", "Sku", "StockQuantity", "TenantId", "Unit", "UnitPrice", "UpdatedAt")
      VALUES (@p0, @p1, @p2, @p3, @p4, @p5, @p6, @p7, @p8, @p9, @p10, @p11, @p12, @p13);
info: Microsoft.EntityFrameworkCore.Database.Command[20101]
      Executed DbCommand (2ms) [Parameters=[@__id_0='?' (DbType = Guid)], CommandType='Text', CommandTimeout='30']
      SELECT t."Id", t."CreatedAt", t."Identifier", t."IsActive", t."Name", t."UpdatedAt"
      FROM "Tenants" AS t
      WHERE t."Id" = @__id_0
      LIMIT 1
info: Microsoft.EntityFrameworkCore.Database.Command[20101]
      Executed DbCommand (1ms) [Parameters=[@__id_0='?' (DbType = Guid), @__tenantId_1='?'], CommandType='Text', CommandTimeout='30']
      SELECT u."Id", u."CreatedAt", u."Email", u."FullName", u."IsActive", u."LastLoginAt", u."PasswordHash", u."Role", u."TenantId", u."UpdatedAt"
      FROM "Users" AS u
      WHERE u."Id" = @__id_0 AND u."TenantId" = @__tenantId_1
      LIMIT 1
info: Microsoft.EntityFrameworkCore.Database.Command[20101]
      Executed DbCommand (1ms) [Parameters=[@__ef_filter__CurrentTenantId_0='?', @__tenantId_0='?', @__normalized_1='?'], CommandType='Text', CommandTimeout='30']
      SELECT i."Id", i."Barcode", i."Brand", i."Category", i."CreatedAt", i."IsActive", i."MinimumStockLevel", i."Name", i."Sku", i."StockQuantity", i."TenantId", i."Unit", i."UnitPrice", i."UpdatedAt"
      FROM "InventoryItems" AS i
      WHERE i."TenantId" = @__ef_filter__CurrentTenantId_0 AND i."TenantId" = @__tenantId_0 AND lower(i."Name") = @__normalized_1
      LIMIT 1
info: Microsoft.EntityFrameworkCore.Database.Command[20101]
      Executed DbCommand (3ms) [Parameters=[@p0='?' (DbType = Guid), @p1='?', @p2='?', @p3='?', @p4='?' (DbType = DateTime), @p5='?' (DbType = Boolean), @p6='?' (DbType = Decimal), @p7='?', @p8='?', @p9='?' (DbType = Decimal), @p10='?', @p11='?', @p12='?' (DbType = Decimal), @p13='?' (DbType = DateTime)], CommandType='Text', CommandTimeout='30']
      INSERT INTO "InventoryItems" ("Id", "Barcode", "Brand", "Category", "CreatedAt", "IsActive", "MinimumStockLevel", "Name", "Sku", "StockQuantity", "TenantId", "Unit", "UnitPrice", "UpdatedAt")
      VALUES (@p0, @p1, @p2, @p3, @p4, @p5, @p6, @p7, @p8, @p9, @p10, @p11, @p12, @p13);
info: Microsoft.EntityFrameworkCore.Database.Command[20101]
      Executed DbCommand (1ms) [Parameters=[@__id_0='?' (DbType = Guid)], CommandType='Text', CommandTimeout='30']
      SELECT t."Id", t."CreatedAt", t."Identifier", t."IsActive", t."Name", t."UpdatedAt"
      FROM "Tenants" AS t
      WHERE t."Id" = @__id_0
      LIMIT 1
info: Microsoft.EntityFrameworkCore.Database.Command[20101]
      Executed DbCommand (1ms) [Parameters=[@__id_0='?' (DbType = Guid), @__tenantId_1='?'], CommandType='Text', CommandTimeout='30']
      SELECT u."Id", u."CreatedAt", u."Email", u."FullName", u."IsActive", u."LastLoginAt", u."PasswordHash", u."Role", u."TenantId", u."UpdatedAt"
      FROM "Users" AS u
      WHERE u."Id" = @__id_0 AND u."TenantId" = @__tenantId_1
      LIMIT 1
info: Microsoft.EntityFrameworkCore.Database.Command[20101]
      Executed DbCommand (2ms) [Parameters=[@__ef_filter__CurrentTenantId_0='?', @__tenantId_0='?'], CommandType='Text', CommandTimeout='30']
      SELECT count(*)::int
      FROM "InventoryItems" AS i
      WHERE i."TenantId" = @__ef_filter__CurrentTenantId_0 AND i."TenantId" = @__tenantId_0
info: Microsoft.EntityFrameworkCore.Database.Command[20101]
      Executed DbCommand (2ms) [Parameters=[@__ef_filter__CurrentTenantId_0='?', @__tenantId_0='?', @__p_2='?' (DbType = Int32), @__p_1='?' (DbType = Int32)], CommandType='Text', CommandTimeout='30']
      SELECT i."Id", i."Barcode", i."Brand", i."Category", i."CreatedAt", i."IsActive", i."MinimumStockLevel", i."Name", i."Sku", i."StockQuantity", i."TenantId", i."Unit", i."UnitPrice", i."UpdatedAt"
      FROM "InventoryItems" AS i
      WHERE i."TenantId" = @__ef_filter__CurrentTenantId_0 AND i."TenantId" = @__tenantId_0
      ORDER BY i."Name"
      LIMIT @__p_2 OFFSET @__p_1
info: Microsoft.EntityFrameworkCore.Database.Command[20101]
      Executed DbCommand (1ms) [Parameters=[@__id_0='?' (DbType = Guid)], CommandType='Text', CommandTimeout='30']
      SELECT t."Id", t."CreatedAt", t."Identifier", t."IsActive", t."Name", t."UpdatedAt"
      FROM "Tenants" AS t
      WHERE t."Id" = @__id_0
      LIMIT 1
info: Microsoft.EntityFrameworkCore.Database.Command[20101]
      Executed DbCommand (1ms) [Parameters=[@__id_0='?' (DbType = Guid), @__tenantId_1='?'], CommandType='Text', CommandTimeout='30']
      SELECT u."Id", u."CreatedAt", u."Email", u."FullName", u."IsActive", u."LastLoginAt", u."PasswordHash", u."Role", u."TenantId", u."UpdatedAt"
      FROM "Users" AS u
      WHERE u."Id" = @__id_0 AND u."TenantId" = @__tenantId_1
      LIMIT 1
info: Microsoft.EntityFrameworkCore.Database.Command[20101]
      Executed DbCommand (2ms) [Parameters=[@__ef_filter__CurrentTenantId_0='?', @__tenantId_0='?', @__pattern_2='?', @__pattern_2_1='?', @__pattern_2_2='?', @__pattern_2_3='?'], CommandType='Text', CommandTimeout='30']
      SELECT count(*)::int
      FROM "InventoryItems" AS i
      WHERE i."TenantId" = @__ef_filter__CurrentTenantId_0 AND i."TenantId" = @__tenantId_0 AND (i."Name" ILIKE @__pattern_2 ESCAPE '' OR (i."Sku" IS NOT NULL AND i."Sku" ILIKE @__pattern_2_1 ESCAPE '') OR (i."Barcode" IS NOT NULL AND i."Barcode" ILIKE @__pattern_2_2 ESCAPE '') OR (i."Category" IS NOT NULL AND i."Category" ILIKE @__pattern_2_3 ESCAPE '') OR (i."Brand" IS NOT NULL AND i."Brand" ILIKE @__pattern_2_3 ESCAPE ''))
info: Microsoft.EntityFrameworkCore.Database.Command[20101]
      Executed DbCommand (1ms) [Parameters=[@__ef_filter__CurrentTenantId_0='?', @__tenantId_0='?', @__pattern_2='?', @__pattern_2_1='?', @__pattern_2_2='?', @__pattern_2_3='?', @__p_4='?' (DbType = Int32), @__p_3='?' (DbType = Int32)], CommandType='Text', CommandTimeout='30']
      SELECT i."Id", i."Barcode", i."Brand", i."Category", i."CreatedAt", i."IsActive", i."MinimumStockLevel", i."Name", i."Sku", i."StockQuantity", i."TenantId", i."Unit", i."UnitPrice", i."UpdatedAt"
      FROM "InventoryItems" AS i
      WHERE i."TenantId" = @__ef_filter__CurrentTenantId_0 AND i."TenantId" = @__tenantId_0 AND (i."Name" ILIKE @__pattern_2 ESCAPE '' OR (i."Sku" IS NOT NULL AND i."Sku" ILIKE @__pattern_2_1 ESCAPE '') OR (i."Barcode" IS NOT NULL AND i."Barcode" ILIKE @__pattern_2_2 ESCAPE '') OR (i."Category" IS NOT NULL AND i."Category" ILIKE @__pattern_2_3 ESCAPE '') OR (i."Brand" IS NOT NULL AND i."Brand" ILIKE @__pattern_2_3 ESCAPE ''))
      ORDER BY i."Name"
      LIMIT @__p_4 OFFSET @__p_3
info: Microsoft.EntityFrameworkCore.Database.Command[20101]
      Executed DbCommand (1ms) [Parameters=[@__id_0='?' (DbType = Guid)], CommandType='Text', CommandTimeout='30']
      SELECT t."Id", t."CreatedAt", t."Identifier", t."IsActive", t."Name", t."UpdatedAt"
      FROM "Tenants" AS t
      WHERE t."Id" = @__id_0
      LIMIT 1
info: Microsoft.EntityFrameworkCore.Database.Command[20101]
      Executed DbCommand (1ms) [Parameters=[@__id_0='?' (DbType = Guid), @__tenantId_1='?'], CommandType='Text', CommandTimeout='30']
      SELECT u."Id", u."CreatedAt", u."Email", u."FullName", u."IsActive", u."LastLoginAt", u."PasswordHash", u."Role", u."TenantId", u."UpdatedAt"
      FROM "Users" AS u
      WHERE u."Id" = @__id_0 AND u."TenantId" = @__tenantId_1
      LIMIT 1
info: Microsoft.EntityFrameworkCore.Database.Command[20101]
      Executed DbCommand (1ms) [Parameters=[@__ef_filter__CurrentTenantId_0='?', @__tenantId_0='?'], CommandType='Text', CommandTimeout='30']
      SELECT count(*)::int
      FROM "InventoryItems" AS i
      WHERE i."TenantId" = @__ef_filter__CurrentTenantId_0 AND i."TenantId" = @__tenantId_0 AND i."StockQuantity" <= i."MinimumStockLevel"
info: Microsoft.EntityFrameworkCore.Database.Command[20101]
      Executed DbCommand (1ms) [Parameters=[@__ef_filter__CurrentTenantId_0='?', @__tenantId_0='?', @__p_2='?' (DbType = Int32), @__p_1='?' (DbType = Int32)], CommandType='Text', CommandTimeout='30']
      SELECT i."Id", i."Barcode", i."Brand", i."Category", i."CreatedAt", i."IsActive", i."MinimumStockLevel", i."Name", i."Sku", i."StockQuantity", i."TenantId", i."Unit", i."UnitPrice", i."UpdatedAt"
      FROM "InventoryItems" AS i
      WHERE i."TenantId" = @__ef_filter__CurrentTenantId_0 AND i."TenantId" = @__tenantId_0 AND i."StockQuantity" <= i."MinimumStockLevel"
      ORDER BY i."Name"
      LIMIT @__p_2 OFFSET @__p_1
info: Microsoft.EntityFrameworkCore.Database.Command[20101]
      Executed DbCommand (1ms) [Parameters=[@__id_0='?' (DbType = Guid)], CommandType='Text', CommandTimeout='30']
      SELECT t."Id", t."CreatedAt", t."Identifier", t."IsActive", t."Name", t."UpdatedAt"
      FROM "Tenants" AS t
      WHERE t."Id" = @__id_0
      LIMIT 1
info: Microsoft.EntityFrameworkCore.Database.Command[20101]
      Executed DbCommand (1ms) [Parameters=[@__id_0='?' (DbType = Guid), @__tenantId_1='?'], CommandType='Text', CommandTimeout='30']
      SELECT u."Id", u."CreatedAt", u."Email", u."FullName", u."IsActive", u."LastLoginAt", u."PasswordHash", u."Role", u."TenantId", u."UpdatedAt"
      FROM "Users" AS u
      WHERE u."Id" = @__id_0 AND u."TenantId" = @__tenantId_1
      LIMIT 1
info: Microsoft.EntityFrameworkCore.Database.Command[20101]
      Executed DbCommand (2ms) [Parameters=[@__ef_filter__CurrentTenantId_0='?', @__id_0='?' (DbType = Guid), @__tenantId_1='?'], CommandType='Text', CommandTimeout='30']
      SELECT i."Id", i."Barcode", i."Brand", i."Category", i."CreatedAt", i."IsActive", i."MinimumStockLevel", i."Name", i."Sku", i."StockQuantity", i."TenantId", i."Unit", i."UnitPrice", i."UpdatedAt"
      FROM "InventoryItems" AS i
      WHERE i."TenantId" = @__ef_filter__CurrentTenantId_0 AND i."Id" = @__id_0 AND i."TenantId" = @__tenantId_1
      LIMIT 1
info: Microsoft.EntityFrameworkCore.Database.Command[20101]
      Executed DbCommand (1ms) [Parameters=[@__ef_filter__CurrentTenantId_0='?', @__tenantId_0='?', @__normalized_1='?'], CommandType='Text', CommandTimeout='30']
      SELECT i."Id", i."Barcode", i."Brand", i."Category", i."CreatedAt", i."IsActive", i."MinimumStockLevel", i."Name", i."Sku", i."StockQuantity", i."TenantId", i."Unit", i."UnitPrice", i."UpdatedAt"
      FROM "InventoryItems" AS i
      WHERE i."TenantId" = @__ef_filter__CurrentTenantId_0 AND i."TenantId" = @__tenantId_0 AND lower(i."Name") = @__normalized_1
      LIMIT 1
info: Microsoft.EntityFrameworkCore.Database.Command[20101]
      Executed DbCommand (1ms) [Parameters=[@__ef_filter__CurrentTenantId_0='?', @__tenantId_0='?', @__normalized_1='?'], CommandType='Text', CommandTimeout='30']
      SELECT i."Id", i."Barcode", i."Brand", i."Category", i."CreatedAt", i."IsActive", i."MinimumStockLevel", i."Name", i."Sku", i."StockQuantity", i."TenantId", i."Unit", i."UnitPrice", i."UpdatedAt"
      FROM "InventoryItems" AS i
      WHERE i."TenantId" = @__ef_filter__CurrentTenantId_0 AND i."TenantId" = @__tenantId_0 AND i."Sku" IS NOT NULL AND lower(i."Sku") = @__normalized_1
      LIMIT 1
info: Microsoft.EntityFrameworkCore.Database.Command[20101]
      Executed DbCommand (4ms) [Parameters=[@p13='?' (DbType = Guid), @p0='?', @p1='?', @p2='?', @p3='?' (DbType = DateTime), @p4='?' (DbType = Boolean), @p5='?' (DbType = Decimal), @p6='?', @p7='?', @p8='?' (DbType = Decimal), @p9='?', @p10='?', @p11='?' (DbType = Decimal), @p12='?' (DbType = DateTime)], CommandType='Text', CommandTimeout='30']
      UPDATE "InventoryItems" SET "Barcode" = @p0, "Brand" = @p1, "Category" = @p2, "CreatedAt" = @p3, "IsActive" = @p4, "MinimumStockLevel" = @p5, "Name" = @p6, "Sku" = @p7, "StockQuantity" = @p8, "TenantId" = @p9, "Unit" = @p10, "UnitPrice" = @p11, "UpdatedAt" = @p12
      WHERE "Id" = @p13;
info: Microsoft.EntityFrameworkCore.Database.Command[20101]
      Executed DbCommand (1ms) [Parameters=[@__id_0='?' (DbType = Guid)], CommandType='Text', CommandTimeout='30']
      SELECT t."Id", t."CreatedAt", t."Identifier", t."IsActive", t."Name", t."UpdatedAt"
      FROM "Tenants" AS t
      WHERE t."Id" = @__id_0
      LIMIT 1
info: Microsoft.EntityFrameworkCore.Database.Command[20101]
      Executed DbCommand (1ms) [Parameters=[@__id_0='?' (DbType = Guid), @__tenantId_1='?'], CommandType='Text', CommandTimeout='30']
      SELECT u."Id", u."CreatedAt", u."Email", u."FullName", u."IsActive", u."LastLoginAt", u."PasswordHash", u."Role", u."TenantId", u."UpdatedAt"
      FROM "Users" AS u
      WHERE u."Id" = @__id_0 AND u."TenantId" = @__tenantId_1
      LIMIT 1
info: Microsoft.EntityFrameworkCore.Database.Command[20101]
      Executed DbCommand (1ms) [Parameters=[@__ef_filter__CurrentTenantId_0='?', @__id_0='?' (DbType = Guid), @__tenantId_1='?'], CommandType='Text', CommandTimeout='30']
      SELECT i."Id", i."Barcode", i."Brand", i."Category", i."CreatedAt", i."IsActive", i."MinimumStockLevel", i."Name", i."Sku", i."StockQuantity", i."TenantId", i."Unit", i."UnitPrice", i."UpdatedAt"
      FROM "InventoryItems" AS i
      WHERE i."TenantId" = @__ef_filter__CurrentTenantId_0 AND i."Id" = @__id_0 AND i."TenantId" = @__tenantId_1
      LIMIT 1
info: Microsoft.EntityFrameworkCore.Database.Command[20101]
      Executed DbCommand (3ms) [Parameters=[@p13='?' (DbType = Guid), @p0='?', @p1='?', @p2='?', @p3='?' (DbType = DateTime), @p4='?' (DbType = Boolean), @p5='?' (DbType = Decimal), @p6='?', @p7='?', @p8='?' (DbType = Decimal), @p9='?', @p10='?', @p11='?' (DbType = Decimal), @p12='?' (DbType = DateTime)], CommandType='Text', CommandTimeout='30']
      UPDATE "InventoryItems" SET "Barcode" = @p0, "Brand" = @p1, "Category" = @p2, "CreatedAt" = @p3, "IsActive" = @p4, "MinimumStockLevel" = @p5, "Name" = @p6, "Sku" = @p7, "StockQuantity" = @p8, "TenantId" = @p9, "Unit" = @p10, "UnitPrice" = @p11, "UpdatedAt" = @p12
      WHERE "Id" = @p13;
info: Microsoft.EntityFrameworkCore.Database.Command[20101]
      Executed DbCommand (1ms) [Parameters=[@__id_0='?' (DbType = Guid)], CommandType='Text', CommandTimeout='30']
      SELECT t."Id", t."CreatedAt", t."Identifier", t."IsActive", t."Name", t."UpdatedAt"
      FROM "Tenants" AS t
      WHERE t."Id" = @__id_0
      LIMIT 1
info: Microsoft.EntityFrameworkCore.Database.Command[20101]
      Executed DbCommand (1ms) [Parameters=[@__id_0='?' (DbType = Guid), @__tenantId_1='?'], CommandType='Text', CommandTimeout='30']
      SELECT u."Id", u."CreatedAt", u."Email", u."FullName", u."IsActive", u."LastLoginAt", u."PasswordHash", u."Role", u."TenantId", u."UpdatedAt"
      FROM "Users" AS u
      WHERE u."Id" = @__id_0 AND u."TenantId" = @__tenantId_1
      LIMIT 1
info: Microsoft.EntityFrameworkCore.Database.Command[20101]
      Executed DbCommand (1ms) [Parameters=[@__ef_filter__CurrentTenantId_0='?', @__id_0='?' (DbType = Guid), @__tenantId_1='?'], CommandType='Text', CommandTimeout='30']
      SELECT i."Id", i."Barcode", i."Brand", i."Category", i."CreatedAt", i."IsActive", i."MinimumStockLevel", i."Name", i."Sku", i."StockQuantity", i."TenantId", i."Unit", i."UnitPrice", i."UpdatedAt"
      FROM "InventoryItems" AS i
      WHERE i."TenantId" = @__ef_filter__CurrentTenantId_0 AND i."Id" = @__id_0 AND i."TenantId" = @__tenantId_1
      LIMIT 1
info: Microsoft.EntityFrameworkCore.Database.Command[20101]
      Executed DbCommand (3ms) [Parameters=[@p13='?' (DbType = Guid), @p0='?', @p1='?', @p2='?', @p3='?' (DbType = DateTime), @p4='?' (DbType = Boolean), @p5='?' (DbType = Decimal), @p6='?', @p7='?', @p8='?' (DbType = Decimal), @p9='?', @p10='?', @p11='?' (DbType = Decimal), @p12='?' (DbType = DateTime)], CommandType='Text', CommandTimeout='30']
      UPDATE "InventoryItems" SET "Barcode" = @p0, "Brand" = @p1, "Category" = @p2, "CreatedAt" = @p3, "IsActive" = @p4, "MinimumStockLevel" = @p5, "Name" = @p6, "Sku" = @p7, "StockQuantity" = @p8, "TenantId" = @p9, "Unit" = @p10, "UnitPrice" = @p11, "UpdatedAt" = @p12
      WHERE "Id" = @p13;
info: Microsoft.EntityFrameworkCore.Database.Command[20101]
      Executed DbCommand (1ms) [Parameters=[@__id_0='?' (DbType = Guid)], CommandType='Text', CommandTimeout='30']
      SELECT t."Id", t."CreatedAt", t."Identifier", t."IsActive", t."Name", t."UpdatedAt"
      FROM "Tenants" AS t
      WHERE t."Id" = @__id_0
      LIMIT 1
info: Microsoft.EntityFrameworkCore.Database.Command[20101]
      Executed DbCommand (1ms) [Parameters=[@__id_0='?' (DbType = Guid), @__tenantId_1='?'], CommandType='Text', CommandTimeout='30']
      SELECT u."Id", u."CreatedAt", u."Email", u."FullName", u."IsActive", u."LastLoginAt", u."PasswordHash", u."Role", u."TenantId", u."UpdatedAt"
      FROM "Users" AS u
      WHERE u."Id" = @__id_0 AND u."TenantId" = @__tenantId_1
      LIMIT 1
info: Microsoft.EntityFrameworkCore.Database.Command[20101]
      Executed DbCommand (1ms) [Parameters=[@__ef_filter__CurrentTenantId_0='?', @__id_0='?' (DbType = Guid), @__tenantId_1='?'], CommandType='Text', CommandTimeout='30']
      SELECT i."Id", i."Barcode", i."Brand", i."Category", i."CreatedAt", i."IsActive", i."MinimumStockLevel", i."Name", i."Sku", i."StockQuantity", i."TenantId", i."Unit", i."UnitPrice", i."UpdatedAt"
      FROM "InventoryItems" AS i
      WHERE i."TenantId" = @__ef_filter__CurrentTenantId_0 AND i."Id" = @__id_0 AND i."TenantId" = @__tenantId_1
      LIMIT 1
info: Microsoft.EntityFrameworkCore.Database.Command[20101]
      Executed DbCommand (3ms) [Parameters=[@p13='?' (DbType = Guid), @p0='?', @p1='?', @p2='?', @p3='?' (DbType = DateTime), @p4='?' (DbType = Boolean), @p5='?' (DbType = Decimal), @p6='?', @p7='?', @p8='?' (DbType = Decimal), @p9='?', @p10='?', @p11='?' (DbType = Decimal), @p12='?' (DbType = DateTime)], CommandType='Text', CommandTimeout='30']
      UPDATE "InventoryItems" SET "Barcode" = @p0, "Brand" = @p1, "Category" = @p2, "CreatedAt" = @p3, "IsActive" = @p4, "MinimumStockLevel" = @p5, "Name" = @p6, "Sku" = @p7, "StockQuantity" = @p8, "TenantId" = @p9, "Unit" = @p10, "UnitPrice" = @p11, "UpdatedAt" = @p12
      WHERE "Id" = @p13;
info: Microsoft.EntityFrameworkCore.Database.Command[20101]
      Executed DbCommand (1ms) [Parameters=[@__id_0='?' (DbType = Guid)], CommandType='Text', CommandTimeout='30']
      SELECT t."Id", t."CreatedAt", t."Identifier", t."IsActive", t."Name", t."UpdatedAt"
      FROM "Tenants" AS t
      WHERE t."Id" = @__id_0
      LIMIT 1
info: Microsoft.EntityFrameworkCore.Database.Command[20101]
      Executed DbCommand (1ms) [Parameters=[@__id_0='?' (DbType = Guid), @__tenantId_1='?'], CommandType='Text', CommandTimeout='30']
      SELECT u."Id", u."CreatedAt", u."Email", u."FullName", u."IsActive", u."LastLoginAt", u."PasswordHash", u."Role", u."TenantId", u."UpdatedAt"
      FROM "Users" AS u
      WHERE u."Id" = @__id_0 AND u."TenantId" = @__tenantId_1
      LIMIT 1
info: Microsoft.EntityFrameworkCore.Database.Command[20101]
      Executed DbCommand (1ms) [Parameters=[@__ef_filter__CurrentTenantId_0='?', @__id_0='?' (DbType = Guid), @__tenantId_1='?'], CommandType='Text', CommandTimeout='30']
      SELECT i."Id", i."Barcode", i."Brand", i."Category", i."CreatedAt", i."IsActive", i."MinimumStockLevel", i."Name", i."Sku", i."StockQuantity", i."TenantId", i."Unit", i."UnitPrice", i."UpdatedAt"
      FROM "InventoryItems" AS i
      WHERE i."TenantId" = @__ef_filter__CurrentTenantId_0 AND i."Id" = @__id_0 AND i."TenantId" = @__tenantId_1
      LIMIT 1
info: Microsoft.EntityFrameworkCore.Database.Command[20101]
      Executed DbCommand (4ms) [Parameters=[@p13='?' (DbType = Guid), @p0='?', @p1='?', @p2='?', @p3='?' (DbType = DateTime), @p4='?' (DbType = Boolean), @p5='?' (DbType = Decimal), @p6='?', @p7='?', @p8='?' (DbType = Decimal), @p9='?', @p10='?', @p11='?' (DbType = Decimal), @p12='?' (DbType = DateTime)], CommandType='Text', CommandTimeout='30']
      UPDATE "InventoryItems" SET "Barcode" = @p0, "Brand" = @p1, "Category" = @p2, "CreatedAt" = @p3, "IsActive" = @p4, "MinimumStockLevel" = @p5, "Name" = @p6, "Sku" = @p7, "StockQuantity" = @p8, "TenantId" = @p9, "Unit" = @p10, "UnitPrice" = @p11, "UpdatedAt" = @p12
      WHERE "Id" = @p13;
info: Microsoft.EntityFrameworkCore.Database.Command[20101]
      Executed DbCommand (1ms) [Parameters=[@__id_0='?' (DbType = Guid)], CommandType='Text', CommandTimeout='30']
      SELECT t."Id", t."CreatedAt", t."Identifier", t."IsActive", t."Name", t."UpdatedAt"
      FROM "Tenants" AS t
      WHERE t."Id" = @__id_0
      LIMIT 1
info: Microsoft.EntityFrameworkCore.Database.Command[20101]
      Executed DbCommand (1ms) [Parameters=[@__id_0='?' (DbType = Guid), @__tenantId_1='?'], CommandType='Text', CommandTimeout='30']
      SELECT u."Id", u."CreatedAt", u."Email", u."FullName", u."IsActive", u."LastLoginAt", u."PasswordHash", u."Role", u."TenantId", u."UpdatedAt"
      FROM "Users" AS u
      WHERE u."Id" = @__id_0 AND u."TenantId" = @__tenantId_1
      LIMIT 1
info: Microsoft.EntityFrameworkCore.Database.Command[20101]
      Executed DbCommand (1ms) [Parameters=[@__ef_filter__CurrentTenantId_0='?', @__id_0='?' (DbType = Guid), @__tenantId_1='?'], CommandType='Text', CommandTimeout='30']
      SELECT i."Id", i."Barcode", i."Brand", i."Category", i."CreatedAt", i."IsActive", i."MinimumStockLevel", i."Name", i."Sku", i."StockQuantity", i."TenantId", i."Unit", i."UnitPrice", i."UpdatedAt"
      FROM "InventoryItems" AS i
      WHERE i."TenantId" = @__ef_filter__CurrentTenantId_0 AND i."Id" = @__id_0 AND i."TenantId" = @__tenantId_1
      LIMIT 1
